Arguments: 
  /usr/local/bin/node /usr/local/bin/syarn add babel-preset-stage-0

PATH: 
  /Users/Jackson/bin:/usr/local/bin:/usr/bin:/bin:/usr/sbin:/sbin:/Users/Jackson/work/android/android-sdk-macosx/tools:/Users/Jackson/work/android/android-sdk-macosx/platform-tools:/usr/local/mysql/bin

Yarn version: 
  0.24.2

Node version: 
  8.7.0

Platform: 
  darwin x64

npm manifest: 
  {
    "name": "fastBlog",
    "version": "0.0.1",
    "description": "a light blog use fastify",
    "main": "index",
    "author": "Jackson Liu (416883813@qq.com)",
    "license": "MIT",
    "dependencies": {
      "@types/debug": "^0.0.30",
      "@types/mongoose": "^4.7.24",
      "fastify": "0.33.0",
      "fastify-cookie": "^1.0.3",
      "fastify-formbody": "^1.0.1",
      "fastify-session": "^0.1.0",
      "fastify-static": "^0.3.0",
      "gulp": "^3.9.1",
      "gulp-typescript": "^3.2.3",
      "marked": "^0.3.6",
      "moment": "^2.19.1",
      "mongoose": "^4.12.4",
      "pino": "^4.8.1",
      "reflect-metadata": "^0.1.10",
      "tsconfig-paths": "^2.3.0",
      "typegoose": "^3.6.0",
      "typescript": "^2.5.3"
    }
  }

yarn manifest: 
  No manifest

Lockfile: 
  # THIS IS AN AUTOGENERATED FILE. DO NOT EDIT THIS FILE DIRECTLY.
  # yarn lockfile v1
  
  
  "@types/bson@*":
    version "1.0.4"
    resolved "http://registry.npm.taobao.org/@types/bson/download/@types/bson-1.0.4.tgz#94260b6b96fa459346959c9216799d8919e95d2b"
    dependencies:
      "@types/node" "*"
  
  "@types/debug@^0.0.30":
    version "0.0.30"
    resolved "http://registry.npm.taobao.org/@types/debug/download/@types/debug-0.0.30.tgz#dc1e40f7af3b9c815013a7860e6252f6352a84df"
  
  "@types/mongodb@*":
    version "2.2.15"
    resolved "http://registry.npm.taobao.org/@types/mongodb/download/@types/mongodb-2.2.15.tgz#42577d8a92b9840dad440acf92fea6435c1fcfb3"
    dependencies:
      "@types/bson" "*"
      "@types/node" "*"
  
  "@types/mongoose@4.7.15":
    version "4.7.15"
    resolved "http://registry.npm.taobao.org/@types/mongoose/download/@types/mongoose-4.7.15.tgz#6a439455ff682c97a393c23c03f6ae5dfb0179c2"
    dependencies:
      "@types/mongodb" "*"
      "@types/node" "*"
  
  "@types/mongoose@^4.7.24":
    version "4.7.25"
    resolved "http://registry.npm.taobao.org/@types/mongoose/download/@types/mongoose-4.7.25.tgz#d31b34c1ade8e1649f41710094275204ba07388d"
    dependencies:
      "@types/mongodb" "*"
      "@types/node" "*"
  
  "@types/node@*", "@types/node@^8.0.45":
    version "8.0.49"
    resolved "http://registry.npm.taobao.org/@types/node/download/@types/node-8.0.49.tgz#417f86ab4829c629fe561779ee48751e0fe2a11b"
  
  "@types/pino@^4.7.0":
    version "4.7.0"
    resolved "http://registry.npm.taobao.org/@types/pino/download/@types/pino-4.7.0.tgz#c95790496a82766a1b41050df9b322fe9639a129"
    dependencies:
      "@types/node" "*"
  
  abstract-logging@^1.0.0:
    version "1.0.0"
    resolved "http://registry.npm.taobao.org/abstract-logging/download/abstract-logging-1.0.0.tgz#8b7deafd310559bc28f77724dd1bb30177278c1b"
  
  ajv@^5.2.3, ajv@^5.3.0:
    version "5.3.0"
    resolved "http://registry.npm.taobao.org/ajv/download/ajv-5.3.0.tgz#4414ff74a50879c208ee5fdc826e32c303549eda"
    dependencies:
      co "^4.6.0"
      fast-deep-equal "^1.0.0"
      fast-json-stable-stringify "^2.0.0"
      json-schema-traverse "^0.3.0"
  
  ansi-align@^2.0.0:
    version "2.0.0"
    resolved "http://registry.npm.taobao.org/ansi-align/download/ansi-align-2.0.0.tgz#c36aeccba563b89ceb556f3690f0b1d9e3547f7f"
    dependencies:
      string-width "^2.0.0"
  
  ansi-regex@^2.0.0:
    version "2.1.1"
    resolved "http://registry.npm.taobao.org/ansi-regex/download/ansi-regex-2.1.1.tgz#c3b33ab5ee360d86e0e628f0468ae7ef27d654df"
  
  ansi-regex@^3.0.0:
    version "3.0.0"
    resolved "http://registry.npm.taobao.org/ansi-regex/download/ansi-regex-3.0.0.tgz#ed0317c322064f79466c02966bddb605ab37d998"
  
  ansi-styles@^2.2.1:
    version "2.2.1"
    resolved "http://registry.npm.taobao.org/ansi-styles/download/ansi-styles-2.2.1.tgz#b432dd3358b634cf75e1e4664368240533c1ddbe"
  
  ansi-styles@^3.1.0:
    version "3.2.0"
    resolved "http://registry.npm.taobao.org/ansi-styles/download/ansi-styles-3.2.0.tgz#c159b8d5be0f9e5a6f346dab94f16ce022161b88"
    dependencies:
      color-convert "^1.9.0"
  
  any-promise@^1.3.0:
    version "1.3.0"
    resolved "http://registry.npm.taobao.org/any-promise/download/any-promise-1.3.0.tgz#abc6afeedcea52e809cdc0376aed3ce39635d17f"
  
  archy@^1.0.0:
    version "1.0.0"
    resolved "http://registry.npm.taobao.org/archy/download/archy-1.0.0.tgz#f9c8c13757cc1dd7bc379ac77b2c62a5c2868c40"
  
  arr-diff@^2.0.0:
    version "2.0.0"
    resolved "http://registry.npm.taobao.org/arr-diff/download/arr-diff-2.0.0.tgz#8f3b827f955a8bd669697e4a4256ac3ceae356cf"
    dependencies:
      arr-flatten "^1.0.1"
  
  arr-flatten@^1.0.1:
    version "1.1.0"
    resolved "http://registry.npm.taobao.org/arr-flatten/download/arr-flatten-1.1.0.tgz#36048bbff4e7b47e136644316c99669ea5ae91f1"
  
  array-differ@^1.0.0:
    version "1.0.0"
    resolved "http://registry.npm.taobao.org/array-differ/download/array-differ-1.0.0.tgz#eff52e3758249d33be402b8bb8e564bb2b5d4031"
  
  array-each@^1.0.1:
    version "1.0.1"
    resolved "http://registry.npm.taobao.org/array-each/download/array-each-1.0.1.tgz#a794af0c05ab1752846ee753a1f211a05ba0c44f"
  
  array-slice@^1.0.0:
    version "1.0.0"
    resolved "http://registry.npm.taobao.org/array-slice/download/array-slice-1.0.0.tgz#e73034f00dcc1f40876008fd20feae77bd4b7c2f"
  
  array-uniq@^1.0.2:
    version "1.0.3"
    resolved "http://registry.npm.taobao.org/array-uniq/download/array-uniq-1.0.3.tgz#af6ac877a25cc7f74e058894753858dfdb24fdb6"
  
  array-unique@^0.2.1:
    version "0.2.1"
    resolved "http://registry.npm.taobao.org/array-unique/download/array-unique-0.2.1.tgz#a1d97ccafcbc2625cc70fadceb36a50c58b01a53"
  
  async@2.1.4:
    version "2.1.4"
    resolved "http://registry.npm.taobao.org/async/download/async-2.1.4.tgz#2d2160c7788032e4dd6cbe2502f1f9a2c8f6cde4"
    dependencies:
      lodash "^4.14.0"
  
  avvio@^3.0.0:
    version "3.0.0"
    resolved "http://registry.npm.taobao.org/avvio/download/avvio-3.0.0.tgz#952c7e2dd182c8dae413fdf65af4edba8b91ddde"
    dependencies:
      debug "^3.1.0"
      fastq "^1.5.0"
  
  balanced-match@^1.0.0:
    version "1.0.0"
    resolved "http://registry.npm.taobao.org/balanced-match/download/balanced-match-1.0.0.tgz#89b4d199ab2bee49de164ea02b89ce462d71b767"
  
  beeper@^1.0.0:
    version "1.1.1"
    resolved "http://registry.npm.taobao.org/beeper/download/beeper-1.1.1.tgz#e6d5ea8c5dad001304a70b22638447f69cb2f809"
  
  bluebird@2.10.2:
    version "2.10.2"
    resolved "http://registry.npm.taobao.org/bluebird/download/bluebird-2.10.2.tgz#024a5517295308857f14f91f1106fc3b555f446b"
  
  bluebird@^3.5.0:
    version "3.5.1"
    resolved "http://registry.npm.taobao.org/bluebird/download/bluebird-3.5.1.tgz#d9551f9de98f1fcda1e683d17ee91a0602ee2eb9"
  
  boxen@^1.2.1:
    version "1.2.2"
    resolved "http://registry.npm.taobao.org/boxen/download/boxen-1.2.2.tgz#3f1d4032c30ffea9d4b02c322eaf2ea741dcbce5"
    dependencies:
      ansi-align "^2.0.0"
      camelcase "^4.0.0"
      chalk "^2.0.1"
      cli-boxes "^1.0.0"
      string-width "^2.0.0"
      term-size "^1.2.0"
      widest-line "^1.0.0"
  
  brace-expansion@^1.0.0, brace-expansion@^1.1.7:
    version "1.1.8"
    resolved "http://registry.npm.taobao.org/brace-expansion/download/brace-expansion-1.1.8.tgz#c07b211c7c952ec1f8efd51a77ef0d1d3990a292"
    dependencies:
      balanced-match "^1.0.0"
      concat-map "0.0.1"
  
  braces@^1.8.2:
    version "1.8.5"
    resolved "http://registry.npm.taobao.org/braces/download/braces-1.8.5.tgz#ba77962e12dff969d6b76711e914b737857bf6a7"
    dependencies:
      expand-range "^1.8.1"
      preserve "^0.2.0"
      repeat-element "^1.1.2"
  
  bson@~1.0.4:
    version "1.0.4"
    resolved "http://registry.npm.taobao.org/bson/download/bson-1.0.4.tgz#93c10d39eaa5b58415cbc4052f3e53e562b0b72c"
  
  buffer-shims@~1.0.0:
    version "1.0.0"
    resolved "http://registry.npm.taobao.org/buffer-shims/download/buffer-shims-1.0.0.tgz#9978ce317388c649ad8793028c3477ef044a8b51"
  
  camelcase@^4.0.0:
    version "4.1.0"
    resolved "http://registry.npm.taobao.org/camelcase/download/camelcase-4.1.0.tgz#d545635be1e33c542649c69173e5de6acfae34dd"
  
  capture-stack-trace@^1.0.0:
    version "1.0.0"
    resolved "http://registry.npm.taobao.org/capture-stack-trace/download/capture-stack-trace-1.0.0.tgz#4a6fa07399c26bba47f0b2496b4d0fb408c5550d"
  
  chalk@^1.0.0, chalk@^1.1.1:
    version "1.1.3"
    resolved "http://registry.npm.taobao.org/chalk/download/chalk-1.1.3.tgz#a8115c55e4a702fe4d150abd3872822a7e09fc98"
    dependencies:
      ansi-styles "^2.2.1"
      escape-string-regexp "^1.0.2"
      has-ansi "^2.0.0"
      strip-ansi "^3.0.0"
      supports-color "^2.0.0"
  
  chalk@^2.0.1:
    version "2.3.0"
    resolved "http://registry.npm.taobao.org/chalk/download/chalk-2.3.0.tgz#b5ea48efc9c1793dccc9b4767c93914d3f2d52ba"
    dependencies:
      ansi-styles "^3.1.0"
      escape-string-regexp "^1.0.5"
      supports-color "^4.0.0"
  
  cli-boxes@^1.0.0:
    version "1.0.0"
    resolved "http://registry.npm.taobao.org/cli-boxes/download/cli-boxes-1.0.0.tgz#4fa917c3e59c94a004cd61f8ee509da651687143"
  
  clone-stats@^0.0.1:
    version "0.0.1"
    resolved "http://registry.npm.taobao.org/clone-stats/download/clone-stats-0.0.1.tgz#b88f94a82cf38b8791d58046ea4029ad88ca99d1"
  
  clone@^0.2.0:
    version "0.2.0"
    resolved "http://registry.npm.taobao.org/clone/download/clone-0.2.0.tgz#c6126a90ad4f72dbf5acdb243cc37724fe93fc1f"
  
  clone@^1.0.0, clone@^1.0.2:
    version "1.0.2"
    resolved "http://registry.npm.taobao.org/clone/download/clone-1.0.2.tgz#260b7a99ebb1edfe247538175f783243cb19d149"
  
  co@^4.6.0:
    version "4.6.0"
    resolved "http://registry.npm.taobao.org/co/download/co-4.6.0.tgz#6ea6bdf3d853ae54ccb8e47bfa0bf3f9031fb184"
  
  code-point-at@^1.0.0:
    version "1.1.0"
    resolved "http://registry.npm.taobao.org/code-point-at/download/code-point-at-1.1.0.tgz#0d070b4d043a5bea33a2f1a40e2edb3d9a4ccf77"
  
  color-convert@^1.9.0:
    version "1.9.0"
    resolved "http://registry.npm.taobao.org/color-convert/download/color-convert-1.9.0.tgz#1accf97dd739b983bf994d56fec8f95853641b7a"
    dependencies:
      color-name "^1.1.1"
  
  color-name@^1.1.1:
    version "1.1.3"
    resolved "http://registry.npm.taobao.org/color-name/download/color-name-1.1.3.tgz#a7d0558bd89c42f795dd42328f740831ca53bc25"
  
  concat-map@0.0.1:
    version "0.0.1"
    resolved "http://registry.npm.taobao.org/concat-map/download/concat-map-0.0.1.tgz#d8a96bd77fd68df7793a73036a3ba0d5405d477b"
  
  configstore@^3.0.0:
    version "3.1.1"
    resolved "http://registry.npm.taobao.org/configstore/download/configstore-3.1.1.tgz#094ee662ab83fad9917678de114faaea8fcdca90"
    dependencies:
      dot-prop "^4.1.0"
      graceful-fs "^4.1.2"
      make-dir "^1.0.0"
      unique-string "^1.0.0"
      write-file-atomic "^2.0.0"
      xdg-basedir "^3.0.0"
  
  convert-source-map@^1.1.1:
    version "1.5.0"
    resolved "http://registry.npm.taobao.org/convert-source-map/download/convert-source-map-1.5.0.tgz#9acd70851c6d5dfdd93d9282e5edf94a03ff46b5"
  
  cookie-signature@^1.0.6:
    version "1.0.6"
    resolved "http://registry.npm.taobao.org/cookie-signature/download/cookie-signature-1.0.6.tgz#e303a882b342cc3ee8ca513a79999734dab3ae2c"
  
  cookie@^0.3.1:
    version "0.3.1"
    resolved "http://registry.npm.taobao.org/cookie/download/cookie-0.3.1.tgz#e7e0a1f9ef43b4c8ba925c5c5a96e806d16873bb"
  
  core-util-is@~1.0.0:
    version "1.0.2"
    resolved "http://registry.npm.taobao.org/core-util-is/download/core-util-is-1.0.2.tgz#b5fd54220aa2bc5ab57aab7140c940754503c1a7"
  
  create-error-class@^3.0.0:
    version "3.0.2"
    resolved "http://registry.npm.taobao.org/create-error-class/download/create-error-class-3.0.2.tgz#06be7abef947a3f14a30fd610671d401bca8b7b6"
    dependencies:
      capture-stack-trace "^1.0.0"
  
  cross-spawn@^5.0.1:
    version "5.1.0"
    resolved "http://registry.npm.taobao.org/cross-spawn/download/cross-spawn-5.1.0.tgz#e8bd0efee58fcff6f8f94510a0a554bbfa235449"
    dependencies:
      lru-cache "^4.0.1"
      shebang-command "^1.2.0"
      which "^1.2.9"
  
  crypto-random-string@^1.0.0:
    version "1.0.0"
    resolved "http://registry.npm.taobao.org/crypto-random-string/download/crypto-random-string-1.0.0.tgz#a230f64f568310e1498009940790ec99545bca7e"
  
  dateformat@^2.0.0:
    version "2.2.0"
    resolved "http://registry.npm.taobao.org/dateformat/download/dateformat-2.2.0.tgz#4065e2013cf9fb916ddfd82efb506ad4c6769062"
  
  debug@2.6.8:
    version "2.6.8"
    resolved "http://registry.npm.taobao.org/debug/download/debug-2.6.8.tgz#e731531ca2ede27d188222427da17821d68ff4fc"
    dependencies:
      ms "2.0.0"
  
  debug@2.6.9, debug@^2.6.9:
    version "2.6.9"
    resolved "http://registry.npm.taobao.org/debug/download/debug-2.6.9.tgz#5d128515df134ff327e90a4c93f4e077a536341f"
    dependencies:
      ms "2.0.0"
  
  debug@^3.1.0:
    version "3.1.0"
    resolved "http://registry.npm.taobao.org/debug/download/debug-3.1.0.tgz#5bb5a0672628b64149566ba16819e61518c67261"
    dependencies:
      ms "2.0.0"
  
  decompress-response@^3.3.0:
    version "3.3.0"
    resolved "http://registry.npm.taobao.org/decompress-response/download/decompress-response-3.3.0.tgz#80a4dd323748384bfa248083622aedec982adff3"
    dependencies:
      mimic-response "^1.0.0"
  
  deep-extend@~0.4.0:
    version "0.4.2"
    resolved "http://registry.npm.taobao.org/deep-extend/download/deep-extend-0.4.2.tgz#48b699c27e334bf89f10892be432f6e4c7d34a7f"
  
  defaults@^1.0.0:
    version "1.0.3"
    resolved "http://registry.npm.taobao.org/defaults/download/defaults-1.0.3.tgz#c656051e9817d9ff08ed881477f3fe4019f3ef7d"
    dependencies:
      clone "^1.0.2"
  
  depd@1.1.1, depd@~1.1.1:
    version "1.1.1"
    resolved "http://registry.npm.taobao.org/depd/download/depd-1.1.1.tgz#5783b4e1c459f06fa5ca27f991f3d06e7a310359"
  
  deprecated@^0.0.1:
    version "0.0.1"
    resolved "http://registry.npm.taobao.org/deprecated/download/deprecated-0.0.1.tgz#f9c9af5464afa1e7a971458a8bdef2aa94d5bb19"
  
  destroy@~1.0.4:
    version "1.0.4"
    resolved "http://registry.npm.taobao.org/destroy/download/destroy-1.0.4.tgz#978857442c44749e4206613e37946205826abd80"
  
  detect-file@^0.1.0:
    version "0.1.0"
    resolved "http://registry.npm.taobao.org/detect-file/download/detect-file-0.1.0.tgz#4935dedfd9488648e006b0129566e9386711ea63"
    dependencies:
      fs-exists-sync "^0.1.0"
  
  dot-prop@^4.1.0:
    version "4.2.0"
    resolved "http://registry.npm.taobao.org/dot-prop/download/dot-prop-4.2.0.tgz#1f19e0c2e1aa0e32797c49799f2837ac6af69c57"
    dependencies:
      is-obj "^1.0.0"
  
  duplexer2@0.0.2:
    version "0.0.2"
    resolved "http://registry.npm.taobao.org/duplexer2/download/duplexer2-0.0.2.tgz#c614dcf67e2fb14995a91711e5a617e8a60a31db"
    dependencies:
      readable-stream "~1.1.9"
  
  duplexer3@^0.1.4:
    version "0.1.4"
    resolved "http://registry.npm.taobao.org/duplexer3/download/duplexer3-0.1.4.tgz#ee01dd1cac0ed3cbc7fdbea37dc0a8f1ce002ce2"
  
  duplexify@^3.2.0:
    version "3.5.1"
    resolved "http://registry.npm.taobao.org/duplexify/download/duplexify-3.5.1.tgz#4e1516be68838bc90a49994f0b39a6e5960befcd"
    dependencies:
      end-of-stream "^1.0.0"
      inherits "^2.0.1"
      readable-stream "^2.0.0"
      stream-shift "^1.0.0"
  
  ee-first@1.1.1:
    version "1.1.1"
    resolved "http://registry.npm.taobao.org/ee-first/download/ee-first-1.1.1.tgz#590c61156b0ae2f4f0255732a158b266bc56b21d"
  
  encodeurl@~1.0.1:
    version "1.0.1"
    resolved "http://registry.npm.taobao.org/encodeurl/download/encodeurl-1.0.1.tgz#79e3d58655346909fe6f0f45a5de68103b294d20"
  
  end-of-stream@^1.0.0, end-of-stream@^1.1.0:
    version "1.4.0"
    resolved "http://registry.npm.taobao.org/end-of-stream/download/end-of-stream-1.4.0.tgz#7a90d833efda6cfa6eac0f4949dbb0fad3a63206"
    dependencies:
      once "^1.4.0"
  
  end-of-stream@~0.1.5:
    version "0.1.5"
    resolved "http://registry.npm.taobao.org/end-of-stream/download/end-of-stream-0.1.5.tgz#8e177206c3c80837d85632e8b9359dfe8b2f6eaf"
    dependencies:
      once "~1.3.0"
  
  error-ex@^1.2.0:
    version "1.3.1"
    resolved "http://registry.npm.taobao.org/error-ex/download/error-ex-1.3.1.tgz#f855a86ce61adc4e8621c3cda21e7a7612c3a8dc"
    dependencies:
      is-arrayish "^0.2.1"
  
  es6-promise@3.2.1:
    version "3.2.1"
    resolved "http://registry.npm.taobao.org/es6-promise/download/es6-promise-3.2.1.tgz#ec56233868032909207170c39448e24449dd1fc4"
  
  escape-html@~1.0.3:
    version "1.0.3"
    resolved "http://registry.npm.taobao.org/escape-html/download/escape-html-1.0.3.tgz#0258eae4d3d0c0974de1c169188ef0051d1d1988"
  
  escape-string-regexp@^1.0.2, escape-string-regexp@^1.0.5:
    version "1.0.5"
    resolved "http://registry.npm.taobao.org/escape-string-regexp/download/escape-string-regexp-1.0.5.tgz#1b61c0562190a8dff6ae3bb2cf0200ca130b86d4"
  
  etag@~1.8.1:
    version "1.8.1"
    resolved "http://registry.npm.taobao.org/etag/download/etag-1.8.1.tgz#41ae2eeb65efa62268aebfea83ac7d79299b0887"
  
  execa@^0.7.0:
    version "0.7.0"
    resolved "http://registry.npm.taobao.org/execa/download/execa-0.7.0.tgz#944becd34cc41ee32a63a9faf27ad5a65fc59777"
    dependencies:
      cross-spawn "^5.0.1"
      get-stream "^3.0.0"
      is-stream "^1.1.0"
      npm-run-path "^2.0.0"
      p-finally "^1.0.0"
      signal-exit "^3.0.0"
      strip-eof "^1.0.0"
  
  expand-brackets@^0.1.4:
    version "0.1.5"
    resolved "http://registry.npm.taobao.org/expand-brackets/download/expand-brackets-0.1.5.tgz#df07284e342a807cd733ac5af72411e581d1177b"
    dependencies:
      is-posix-bracket "^0.1.0"
  
  expand-range@^1.8.1:
    version "1.8.2"
    resolved "http://registry.npm.taobao.org/expand-range/download/expand-range-1.8.2.tgz#a299effd335fe2721ebae8e257ec79644fc85337"
    dependencies:
      fill-range "^2.1.0"
  
  expand-tilde@^1.2.2:
    version "1.2.2"
    resolved "http://registry.npm.taobao.org/expand-tilde/download/expand-tilde-1.2.2.tgz#0b81eba897e5a3d31d1c3d102f8f01441e559449"
    dependencies:
      os-homedir "^1.0.1"
  
  expand-tilde@^2.0.2:
    version "2.0.2"
    resolved "http://registry.npm.taobao.org/expand-tilde/download/expand-tilde-2.0.2.tgz#97e801aa052df02454de46b02bf621642cdc8502"
    dependencies:
      homedir-polyfill "^1.0.1"
  
  extend-shallow@^2.0.1:
    version "2.0.1"
    resolved "http://registry.npm.taobao.org/extend-shallow/download/extend-shallow-2.0.1.tgz#51af7d614ad9a9f610ea1bafbb989d6b1c56890f"
    dependencies:
      is-extendable "^0.1.0"
  
  extend@^3.0.0:
    version "3.0.1"
    resolved "http://registry.npm.taobao.org/extend/download/extend-3.0.1.tgz#a755ea7bc1adfcc5a31ce7e762dbaadc5e636444"
  
  extglob@^0.3.1:
    version "0.3.2"
    resolved "http://registry.npm.taobao.org/extglob/download/extglob-0.3.2.tgz#2e18ff3d2f49ab2765cec9023f011daa8d8349a1"
    dependencies:
      is-extglob "^1.0.0"
  
  fancy-log@^1.1.0:
    version "1.3.0"
    resolved "http://registry.npm.taobao.org/fancy-log/download/fancy-log-1.3.0.tgz#45be17d02bb9917d60ccffd4995c999e6c8c9948"
    dependencies:
      chalk "^1.1.1"
      time-stamp "^1.0.0"
  
  fast-deep-equal@^1.0.0:
    version "1.0.0"
    resolved "http://registry.npm.taobao.org/fast-deep-equal/download/fast-deep-equal-1.0.0.tgz#96256a3bc975595eb36d82e9929d060d893439ff"
  
  fast-json-parse@^1.0.0, fast-json-parse@^1.0.2:
    version "1.0.3"
    resolved "http://registry.npm.taobao.org/fast-json-parse/download/fast-json-parse-1.0.3.tgz#43e5c61ee4efa9265633046b770fb682a7577c4d"
  
  fast-json-stable-stringify@^2.0.0:
    version "2.0.0"
    resolved "http://registry.npm.taobao.org/fast-json-stable-stringify/download/fast-json-stable-stringify-2.0.0.tgz#d5142c0caee6b1189f87d3a76111064f86c8bbf2"
  
  fast-json-stringify@^0.15.1:
    version "0.15.1"
    resolved "http://registry.npm.taobao.org/fast-json-stringify/download/fast-json-stringify-0.15.1.tgz#f0fc89704ea63e83f92e35661625dd231da31da3"
    dependencies:
      ajv "^5.2.3"
      fast-safe-stringify "^1.2.0"
  
  fast-safe-stringify@^1.0.8, fast-safe-stringify@^1.1.11, fast-safe-stringify@^1.2.0:
    version "1.2.1"
    resolved "http://registry.npm.taobao.org/fast-safe-stringify/download/fast-safe-stringify-1.2.1.tgz#c4b2477dd585de4488aa6665d4acfae41462d999"
  
  fastify-cli@^0.11.0:
    version "0.11.0"
    resolved "http://registry.npm.taobao.org/fastify-cli/download/fastify-cli-0.11.0.tgz#764e8c79d96930abd086ed2a038d11eb28f259d3"
    dependencies:
      minimist "^1.2.0"
      pino-colada "^1.4.0"
      pump "^1.0.2"
      update-notifier "^2.1.0"
  
  fastify-cookie@^1.0.3:
    version "1.0.3"
    resolved "http://registry.npm.taobao.org/fastify-cookie/download/fastify-cookie-1.0.3.tgz#974d0c072c4ea254e471ec6f03226629a7bc4620"
    dependencies:
      cookie "^0.3.1"
      fastify-plugin "^0.1.1"
  
  fastify-formbody@^1.0.1:
    version "1.0.1"
    resolved "http://registry.npm.taobao.org/fastify-formbody/download/fastify-formbody-1.0.1.tgz#cb4579f489470711e6f37c8f77b50ddadac3b3de"
    dependencies:
      fastify-plugin "^0.1.0"
      qs "^6.5.0"
  
  fastify-plugin@^0.1.0, fastify-plugin@^0.1.1:
    version "0.1.1"
    resolved "http://registry.npm.taobao.org/fastify-plugin/download/fastify-plugin-0.1.1.tgz#13a94f495a90fd5a7ae4bcd827c54ea5986c794f"
    dependencies:
      semver "^5.3.0"
  
  fastify-session@^0.1.0:
    version "0.1.0"
    resolved "http://registry.npm.taobao.org/fastify-session/download/fastify-session-0.1.0.tgz#3459e4118a0f3eabf6c26f4c433ae1d623cc566a"
    dependencies:
      cookie-signature "^1.0.6"
      fastify-plugin "^0.1.1"
      uid-safe "^2.1.5"
  
  fastify-static@^0.3.0:
    version "0.3.0"
    resolved "http://registry.npm.taobao.org/fastify-static/download/fastify-static-0.3.0.tgz#31e92c79a0ae18faf871c534d73e39ef273cca9b"
    dependencies:
      fastify-plugin "^0.1.0"
      send "^0.16.0"
  
  fastify@0.33.0:
    version "0.33.0"
    resolved "http://registry.npm.taobao.org/fastify/download/fastify-0.33.0.tgz#d3247e35431e8be9274608ac8031c4fd9ecdfe89"
    dependencies:
      "@types/node" "^8.0.45"
      "@types/pino" "^4.7.0"
      abstract-logging "^1.0.0"
      ajv "^5.3.0"
      avvio "^3.0.0"
      fast-json-stringify "^0.15.1"
      fastify-cli "^0.11.0"
      fastseries "^1.7.2"
      find-my-way "^1.7.1"
      flatstr "^1.0.5"
      light-my-request "^1.0.0"
      middie "^2.1.1"
      pino "^4.9.0"
      pump "^1.0.2"
      simple-get "^2.7.0"
  
  fastq@^1.5.0:
    version "1.5.0"
    resolved "http://registry.npm.taobao.org/fastq/download/fastq-1.5.0.tgz#05e32ffb999ec2d945dda27461bf08941436448b"
    dependencies:
      reusify "^1.0.0"
  
  fastseries@^1.7.2:
    version "1.7.2"
    resolved "http://registry.npm.taobao.org/fastseries/download/fastseries-1.7.2.tgz#d22ce13b9433dff3388d91dbd6b8bda9b21a0f4b"
    dependencies:
      reusify "^1.0.0"
      xtend "^4.0.0"
  
  filename-regex@^2.0.0:
    version "2.0.1"
    resolved "http://registry.npm.taobao.org/filename-regex/download/filename-regex-2.0.1.tgz#c1c4b9bee3e09725ddb106b75c1e301fe2f18b26"
  
  fill-range@^2.1.0:
    version "2.2.3"
    resolved "http://registry.npm.taobao.org/fill-range/download/fill-range-2.2.3.tgz#50b77dfd7e469bc7492470963699fe7a8485a723"
    dependencies:
      is-number "^2.1.0"
      isobject "^2.0.0"
      randomatic "^1.1.3"
      repeat-element "^1.1.2"
      repeat-string "^1.5.2"
  
  find-index@^0.1.1:
    version "0.1.1"
    resolved "http://registry.npm.taobao.org/find-index/download/find-index-0.1.1.tgz#675d358b2ca3892d795a1ab47232f8b6e2e0dde4"
  
  find-my-way@^1.7.1:
    version "1.7.1"
    resolved "http://registry.npm.taobao.org/find-my-way/download/find-my-way-1.7.1.tgz#8c3387bd63fc8d0eddadb66f0018909f95464cbb"
  
  findup-sync@^0.4.2:
    version "0.4.3"
    resolved "http://registry.npm.taobao.org/findup-sync/download/findup-sync-0.4.3.tgz#40043929e7bc60adf0b7f4827c4c6e75a0deca12"
    dependencies:
      detect-file "^0.1.0"
      is-glob "^2.0.1"
      micromatch "^2.3.7"
      resolve-dir "^0.1.0"
  
  fined@^1.0.1:
    version "1.1.0"
    resolved "http://registry.npm.taobao.org/fined/download/fined-1.1.0.tgz#b37dc844b76a2f5e7081e884f7c0ae344f153476"
    dependencies:
      expand-tilde "^2.0.2"
      is-plain-object "^2.0.3"
      object.defaults "^1.1.0"
      object.pick "^1.2.0"
      parse-filepath "^1.0.1"
  
  first-chunk-stream@^1.0.0:
    version "1.0.0"
    resolved "http://registry.npm.taobao.org/first-chunk-stream/download/first-chunk-stream-1.0.0.tgz#59bfb50cd905f60d7c394cd3d9acaab4e6ad934e"
  
  flagged-respawn@^0.3.2:
    version "0.3.2"
    resolved "http://registry.npm.taobao.org/flagged-respawn/download/flagged-respawn-0.3.2.tgz#ff191eddcd7088a675b2610fffc976be9b8074b5"
  
  flatstr@^1.0.4, flatstr@^1.0.5:
    version "1.0.5"
    resolved "http://registry.npm.taobao.org/flatstr/download/flatstr-1.0.5.tgz#5b451b08cbd48e2eac54a2bbe0bf46165aa14be3"
  
  for-in@^1.0.1:
    version "1.0.2"
    resolved "http://registry.npm.taobao.org/for-in/download/for-in-1.0.2.tgz#81068d295a8142ec0ac726c6e2200c30fb6d5e80"
  
  for-own@^0.1.4:
    version "0.1.5"
    resolved "http://registry.npm.taobao.org/for-own/download/for-own-0.1.5.tgz#5265c681a4f294dabbf17c9509b6763aa84510ce"
    dependencies:
      for-in "^1.0.1"
  
  for-own@^1.0.0:
    version "1.0.0"
    resolved "http://registry.npm.taobao.org/for-own/download/for-own-1.0.0.tgz#c63332f415cedc4b04dbfe70cf836494c53cb44b"
    dependencies:
      for-in "^1.0.1"
  
  fresh@0.5.2:
    version "0.5.2"
    resolved "http://registry.npm.taobao.org/fresh/download/fresh-0.5.2.tgz#3d8cadd90d976569fa835ab1f8e4b23a105605a7"
  
  fs-exists-sync@^0.1.0:
    version "0.1.0"
    resolved "http://registry.npm.taobao.org/fs-exists-sync/download/fs-exists-sync-0.1.0.tgz#982d6893af918e72d08dec9e8673ff2b5a8d6add"
  
  gaze@^0.5.1:
    version "0.5.2"
    resolved "http://registry.npm.taobao.org/gaze/download/gaze-0.5.2.tgz#40b709537d24d1d45767db5a908689dfe69ac44f"
    dependencies:
      globule "~0.1.0"
  
  get-stream@^3.0.0:
    version "3.0.0"
    resolved "http://registry.npm.taobao.org/get-stream/download/get-stream-3.0.0.tgz#8e943d1358dc37555054ecbe2edb05aa174ede14"
  
  glob-base@^0.3.0:
    version "0.3.0"
    resolved "http://registry.npm.taobao.org/glob-base/download/glob-base-0.3.0.tgz#dbb164f6221b1c0b1ccf82aea328b497df0ea3c4"
    dependencies:
      glob-parent "^2.0.0"
      is-glob "^2.0.0"
  
  glob-parent@^2.0.0:
    version "2.0.0"
    resolved "http://registry.npm.taobao.org/glob-parent/download/glob-parent-2.0.0.tgz#81383d72db054fcccf5336daa902f182f6edbb28"
    dependencies:
      is-glob "^2.0.0"
  
  glob-parent@^3.0.0:
    version "3.1.0"
    resolved "http://registry.npm.taobao.org/glob-parent/download/glob-parent-3.1.0.tgz#9e6af6299d8d3bd2bd40430832bd113df906c5ae"
    dependencies:
      is-glob "^3.1.0"
      path-dirname "^1.0.0"
  
  glob-stream@^3.1.5:
    version "3.1.18"
    resolved "http://registry.npm.taobao.org/glob-stream/download/glob-stream-3.1.18.tgz#9170a5f12b790306fdfe598f313f8f7954fd143b"
    dependencies:
      glob "^4.3.1"
      glob2base "^0.0.12"
      minimatch "^2.0.1"
      ordered-read-streams "^0.1.0"
      through2 "^0.6.1"
      unique-stream "^1.0.0"
  
  glob-stream@^5.3.2:
    version "5.3.5"
    resolved "http://registry.npm.taobao.org/glob-stream/download/glob-stream-5.3.5.tgz#a55665a9a8ccdc41915a87c701e32d4e016fad22"
    dependencies:
      extend "^3.0.0"
      glob "^5.0.3"
      glob-parent "^3.0.0"
      micromatch "^2.3.7"
      ordered-read-streams "^0.3.0"
      through2 "^0.6.0"
      to-absolute-glob "^0.1.1"
      unique-stream "^2.0.2"
  
  glob-watcher@^0.0.6:
    version "0.0.6"
    resolved "http://registry.npm.taobao.org/glob-watcher/download/glob-watcher-0.0.6.tgz#b95b4a8df74b39c83298b0c05c978b4d9a3b710b"
    dependencies:
      gaze "^0.5.1"
  
  glob2base@^0.0.12:
    version "0.0.12"
    resolved "http://registry.npm.taobao.org/glob2base/download/glob2base-0.0.12.tgz#9d419b3e28f12e83a362164a277055922c9c0d56"
    dependencies:
      find-index "^0.1.1"
  
  glob@^4.3.1:
    version "4.5.3"
    resolved "http://registry.npm.taobao.org/glob/download/glob-4.5.3.tgz#c6cb73d3226c1efef04de3c56d012f03377ee15f"
    dependencies:
      inflight "^1.0.4"
      inherits "2"
      minimatch "^2.0.1"
      once "^1.3.0"
  
  glob@^5.0.3:
    version "5.0.15"
    resolved "http://registry.npm.taobao.org/glob/download/glob-5.0.15.tgz#1bc936b9e02f4a603fcc222ecf7633d30b8b93b1"
    dependencies:
      inflight "^1.0.4"
      inherits "2"
      minimatch "2 || 3"
      once "^1.3.0"
      path-is-absolute "^1.0.0"
  
  glob@~3.1.21:
    version "3.1.21"
    resolved "http://registry.npm.taobao.org/glob/download/glob-3.1.21.tgz#d29e0a055dea5138f4d07ed40e8982e83c2066cd"
    dependencies:
      graceful-fs "~1.2.0"
      inherits "1"
      minimatch "~0.2.11"
  
  global-dirs@^0.1.0:
    version "0.1.0"
    resolved "http://registry.npm.taobao.org/global-dirs/download/global-dirs-0.1.0.tgz#10d34039e0df04272e262cf24224f7209434df4f"
    dependencies:
      ini "^1.3.4"
  
  global-modules@^0.2.3:
    version "0.2.3"
    resolved "http://registry.npm.taobao.org/global-modules/download/global-modules-0.2.3.tgz#ea5a3bed42c6d6ce995a4f8a1269b5dae223828d"
    dependencies:
      global-prefix "^0.1.4"
      is-windows "^0.2.0"
  
  global-prefix@^0.1.4:
    version "0.1.5"
    resolved "http://registry.npm.taobao.org/global-prefix/download/global-prefix-0.1.5.tgz#8d3bc6b8da3ca8112a160d8d496ff0462bfef78f"
    dependencies:
      homedir-polyfill "^1.0.0"
      ini "^1.3.4"
      is-windows "^0.2.0"
      which "^1.2.12"
  
  globule@~0.1.0:
    version "0.1.0"
    resolved "http://registry.npm.taobao.org/globule/download/globule-0.1.0.tgz#d9c8edde1da79d125a151b79533b978676346ae5"
    dependencies:
      glob "~3.1.21"
      lodash "~1.0.1"
      minimatch "~0.2.11"
  
  glogg@^1.0.0:
    version "1.0.0"
    resolved "http://registry.npm.taobao.org/glogg/download/glogg-1.0.0.tgz#7fe0f199f57ac906cf512feead8f90ee4a284fc5"
    dependencies:
      sparkles "^1.0.0"
  
  got@^6.7.1:
    version "6.7.1"
    resolved "http://registry.npm.taobao.org/got/download/got-6.7.1.tgz#240cd05785a9a18e561dc1b44b41c763ef1e8db0"
    dependencies:
      create-error-class "^3.0.0"
      duplexer3 "^0.1.4"
      get-stream "^3.0.0"
      is-redirect "^1.0.0"
      is-retry-allowed "^1.0.0"
      is-stream "^1.0.0"
      lowercase-keys "^1.0.0"
      safe-buffer "^5.0.1"
      timed-out "^4.0.0"
      unzip-response "^2.0.1"
      url-parse-lax "^1.0.0"
  
  graceful-fs@^3.0.0:
    version "3.0.11"
    resolved "http://registry.npm.taobao.org/graceful-fs/download/graceful-fs-3.0.11.tgz#7613c778a1afea62f25c630a086d7f3acbbdd818"
    dependencies:
      natives "^1.1.0"
  
  graceful-fs@^4.0.0, graceful-fs@^4.1.11, graceful-fs@^4.1.2:
    version "4.1.11"
    resolved "http://registry.npm.taobao.org/graceful-fs/download/graceful-fs-4.1.11.tgz#0e8bdfe4d1ddb8854d64e04ea7c00e2a026e5658"
  
  graceful-fs@~1.2.0:
    version "1.2.3"
    resolved "http://registry.npm.taobao.org/graceful-fs/download/graceful-fs-1.2.3.tgz#15a4806a57547cb2d2dbf27f42e89a8c3451b364"
  
  gulp-sourcemaps@1.6.0:
    version "1.6.0"
    resolved "http://registry.npm.taobao.org/gulp-sourcemaps/download/gulp-sourcemaps-1.6.0.tgz#b86ff349d801ceb56e1d9e7dc7bbcb4b7dee600c"
    dependencies:
      convert-source-map "^1.1.1"
      graceful-fs "^4.1.2"
      strip-bom "^2.0.0"
      through2 "^2.0.0"
      vinyl "^1.0.0"
  
  gulp-typescript@^3.2.3:
    version "3.2.3"
    resolved "http://registry.npm.taobao.org/gulp-typescript/download/gulp-typescript-3.2.3.tgz#32d52ab97b97c4ce070c0419db08ea3af514d720"
    dependencies:
      gulp-util "~3.0.7"
      source-map "~0.5.3"
      through2 "~2.0.1"
      vinyl-fs "~2.4.3"
  
  gulp-util@^3.0.0, gulp-util@~3.0.7:
    version "3.0.8"
    resolved "http://registry.npm.taobao.org/gulp-util/download/gulp-util-3.0.8.tgz#0054e1e744502e27c04c187c3ecc505dd54bbb4f"
    dependencies:
      array-differ "^1.0.0"
      array-uniq "^1.0.2"
      beeper "^1.0.0"
      chalk "^1.0.0"
      dateformat "^2.0.0"
      fancy-log "^1.1.0"
      gulplog "^1.0.0"
      has-gulplog "^0.1.0"
      lodash._reescape "^3.0.0"
      lodash._reevaluate "^3.0.0"
      lodash._reinterpolate "^3.0.0"
      lodash.template "^3.0.0"
      minimist "^1.1.0"
      multipipe "^0.1.2"
      object-assign "^3.0.0"
      replace-ext "0.0.1"
      through2 "^2.0.0"
      vinyl "^0.5.0"
  
  gulp@^3.9.1:
    version "3.9.1"
    resolved "http://registry.npm.taobao.org/gulp/download/gulp-3.9.1.tgz#571ce45928dd40af6514fc4011866016c13845b4"
    dependencies:
      archy "^1.0.0"
      chalk "^1.0.0"
      deprecated "^0.0.1"
      gulp-util "^3.0.0"
      interpret "^1.0.0"
      liftoff "^2.1.0"
      minimist "^1.1.0"
      orchestrator "^0.3.0"
      pretty-hrtime "^1.0.0"
      semver "^4.1.0"
      tildify "^1.0.0"
      v8flags "^2.0.2"
      vinyl-fs "^0.3.0"
  
  gulplog@^1.0.0:
    version "1.0.0"
    resolved "http://registry.npm.taobao.org/gulplog/download/gulplog-1.0.0.tgz#e28c4d45d05ecbbed818363ce8f9c5926229ffe5"
    dependencies:
      glogg "^1.0.0"
  
  has-ansi@^2.0.0:
    version "2.0.0"
    resolved "http://registry.npm.taobao.org/has-ansi/download/has-ansi-2.0.0.tgz#34f5049ce1ecdf2b0649af3ef24e45ed35416d91"
    dependencies:
      ansi-regex "^2.0.0"
  
  has-flag@^2.0.0:
    version "2.0.0"
    resolved "http://registry.npm.taobao.org/has-flag/download/has-flag-2.0.0.tgz#e8207af1cc7b30d446cc70b734b5e8be18f88d51"
  
  has-gulplog@^0.1.0:
    version "0.1.0"
    resolved "http://registry.npm.taobao.org/has-gulplog/download/has-gulplog-0.1.0.tgz#6414c82913697da51590397dafb12f22967811ce"
    dependencies:
      sparkles "^1.0.0"
  
  homedir-polyfill@^1.0.0, homedir-polyfill@^1.0.1:
    version "1.0.1"
    resolved "http://registry.npm.taobao.org/homedir-polyfill/download/homedir-polyfill-1.0.1.tgz#4c2bbc8a758998feebf5ed68580f76d46768b4bc"
    dependencies:
      parse-passwd "^1.0.0"
  
  hooks-fixed@2.0.0:
    version "2.0.0"
    resolved "http://registry.npm.taobao.org/hooks-fixed/download/hooks-fixed-2.0.0.tgz#a01d894d52ac7f6599bbb1f63dfc9c411df70cba"
  
  hooks-fixed@2.0.2:
    version "2.0.2"
    resolved "http://registry.npm.taobao.org/hooks-fixed/download/hooks-fixed-2.0.2.tgz#20076daa07e77d8a6106883ce3f1722e051140b0"
  
  http-errors@~1.6.2:
    version "1.6.2"
    resolved "http://registry.npm.taobao.org/http-errors/download/http-errors-1.6.2.tgz#0a002cc85707192a7e7946ceedc11155f60ec736"
    dependencies:
      depd "1.1.1"
      inherits "2.0.3"
      setprototypeof "1.0.3"
      statuses ">= 1.3.1 < 2"
  
  import-lazy@^2.1.0:
    version "2.1.0"
    resolved "http://registry.npm.taobao.org/import-lazy/download/import-lazy-2.1.0.tgz#05698e3d45c88e8d7e9d92cb0584e77f096f3e43"
  
  imurmurhash@^0.1.4:
    version "0.1.4"
    resolved "http://registry.npm.taobao.org/imurmurhash/download/imurmurhash-0.1.4.tgz#9218b9b2b928a238b13dc4fb6b6d576f231453ea"
  
  inflight@^1.0.4:
    version "1.0.6"
    resolved "http://registry.npm.taobao.org/inflight/download/inflight-1.0.6.tgz#49bd6331d7d02d0c09bc910a1075ba8165b56df9"
    dependencies:
      once "^1.3.0"
      wrappy "1"
  
  inherits@1:
    version "1.0.2"
    resolved "http://registry.npm.taobao.org/inherits/download/inherits-1.0.2.tgz#ca4309dadee6b54cc0b8d247e8d7c7a0975bdc9b"
  
  inherits@2, inherits@2.0.3, inherits@^2.0.1, inherits@~2.0.1, inherits@~2.0.3:
    version "2.0.3"
    resolved "http://registry.npm.taobao.org/inherits/download/inherits-2.0.3.tgz#633c2c83e3da42a502f52466022480f4208261de"
  
  ini@^1.3.4, ini@~1.3.0:
    version "1.3.4"
    resolved "http://registry.npm.taobao.org/ini/download/ini-1.3.4.tgz#0537cb79daf59b59a1a517dff706c86ec039162e"
  
  interpret@^1.0.0:
    version "1.0.4"
    resolved "http://registry.npm.taobao.org/interpret/download/interpret-1.0.4.tgz#820cdd588b868ffb191a809506d6c9c8f212b1b0"
  
  is-absolute@^0.2.3:
    version "0.2.6"
    resolved "http://registry.npm.taobao.org/is-absolute/download/is-absolute-0.2.6.tgz#20de69f3db942ef2d87b9c2da36f172235b1b5eb"
    dependencies:
      is-relative "^0.2.1"
      is-windows "^0.2.0"
  
  is-arrayish@^0.2.1:
    version "0.2.1"
    resolved "http://registry.npm.taobao.org/is-arrayish/download/is-arrayish-0.2.1.tgz#77c99840527aa8ecb1a8ba697b80645a7a926a9d"
  
  is-buffer@^1.1.5:
    version "1.1.6"
    resolved "http://registry.npm.taobao.org/is-buffer/download/is-buffer-1.1.6.tgz#efaa2ea9daa0d7ab2ea13a97b2b8ad51fefbe8be"
  
  is-dotfile@^1.0.0:
    version "1.0.3"
    resolved "http://registry.npm.taobao.org/is-dotfile/download/is-dotfile-1.0.3.tgz#a6a2f32ffd2dfb04f5ca25ecd0f6b83cf798a1e1"
  
  is-equal-shallow@^0.1.3:
    version "0.1.3"
    resolved "http://registry.npm.taobao.org/is-equal-shallow/download/is-equal-shallow-0.1.3.tgz#2238098fc221de0bcfa5d9eac4c45d638aa1c534"
    dependencies:
      is-primitive "^2.0.0"
  
  is-extendable@^0.1.0, is-extendable@^0.1.1:
    version "0.1.1"
    resolved "http://registry.npm.taobao.org/is-extendable/download/is-extendable-0.1.1.tgz#62b110e289a471418e3ec36a617d472e301dfc89"
  
  is-extglob@^1.0.0:
    version "1.0.0"
    resolved "http://registry.npm.taobao.org/is-extglob/download/is-extglob-1.0.0.tgz#ac468177c4943405a092fc8f29760c6ffc6206c0"
  
  is-extglob@^2.1.0:
    version "2.1.1"
    resolved "http://registry.npm.taobao.org/is-extglob/download/is-extglob-2.1.1.tgz#a88c02535791f02ed37c76a1b9ea9773c833f8c2"
  
  is-finite@^1.0.1:
    version "1.0.2"
    resolved "http://registry.npm.taobao.org/is-finite/download/is-finite-1.0.2.tgz#cc6677695602be550ef11e8b4aa6305342b6d0aa"
    dependencies:
      number-is-nan "^1.0.0"
  
  is-fullwidth-code-point@^1.0.0:
    version "1.0.0"
    resolved "http://registry.npm.taobao.org/is-fullwidth-code-point/download/is-fullwidth-code-point-1.0.0.tgz#ef9e31386f031a7f0d643af82fde50c457ef00cb"
    dependencies:
      number-is-nan "^1.0.0"
  
  is-fullwidth-code-point@^2.0.0:
    version "2.0.0"
    resolved "http://registry.npm.taobao.org/is-fullwidth-code-point/download/is-fullwidth-code-point-2.0.0.tgz#a3b30a5c4f199183167aaab93beefae3ddfb654f"
  
  is-glob@^2.0.0, is-glob@^2.0.1:
    version "2.0.1"
    resolved "http://registry.npm.taobao.org/is-glob/download/is-glob-2.0.1.tgz#d096f926a3ded5600f3fdfd91198cb0888c2d863"
    dependencies:
      is-extglob "^1.0.0"
  
  is-glob@^3.1.0:
    version "3.1.0"
    resolved "http://registry.npm.taobao.org/is-glob/download/is-glob-3.1.0.tgz#7ba5ae24217804ac70707b96922567486cc3e84a"
    dependencies:
      is-extglob "^2.1.0"
  
  is-installed-globally@^0.1.0:
    version "0.1.0"
    resolved "http://registry.npm.taobao.org/is-installed-globally/download/is-installed-globally-0.1.0.tgz#0dfd98f5a9111716dd535dda6492f67bf3d25a80"
    dependencies:
      global-dirs "^0.1.0"
      is-path-inside "^1.0.0"
  
  is-npm@^1.0.0:
    version "1.0.0"
    resolved "http://registry.npm.taobao.org/is-npm/download/is-npm-1.0.0.tgz#f2fb63a65e4905b406c86072765a1a4dc793b9f4"
  
  is-number@^2.1.0:
    version "2.1.0"
    resolved "http://registry.npm.taobao.org/is-number/download/is-number-2.1.0.tgz#01fcbbb393463a548f2f466cce16dece49db908f"
    dependencies:
      kind-of "^3.0.2"
  
  is-number@^3.0.0:
    version "3.0.0"
    resolved "http://registry.npm.taobao.org/is-number/download/is-number-3.0.0.tgz#24fd6201a4782cf50561c810276afc7d12d71195"
    dependencies:
      kind-of "^3.0.2"
  
  is-obj@^1.0.0:
    version "1.0.1"
    resolved "http://registry.npm.taobao.org/is-obj/download/is-obj-1.0.1.tgz#3e4729ac1f5fde025cd7d83a896dab9f4f67db0f"
  
  is-path-inside@^1.0.0:
    version "1.0.0"
    resolved "http://registry.npm.taobao.org/is-path-inside/download/is-path-inside-1.0.0.tgz#fc06e5a1683fbda13de667aff717bbc10a48f37f"
    dependencies:
      path-is-inside "^1.0.1"
  
  is-plain-object@^2.0.3:
    version "2.0.4"
    resolved "http://registry.npm.taobao.org/is-plain-object/download/is-plain-object-2.0.4.tgz#2c163b3fafb1b606d9d17928f05c2a1c38e07677"
    dependencies:
      isobject "^3.0.1"
  
  is-posix-bracket@^0.1.0:
    version "0.1.1"
    resolved "http://registry.npm.taobao.org/is-posix-bracket/download/is-posix-bracket-0.1.1.tgz#3334dc79774368e92f016e6fbc0a88f5cd6e6bc4"
  
  is-primitive@^2.0.0:
    version "2.0.0"
    resolved "http://registry.npm.taobao.org/is-primitive/download/is-primitive-2.0.0.tgz#207bab91638499c07b2adf240a41a87210034575"
  
  is-redirect@^1.0.0:
    version "1.0.0"
    resolved "http://registry.npm.taobao.org/is-redirect/download/is-redirect-1.0.0.tgz#1d03dded53bd8db0f30c26e4f95d36fc7c87dc24"
  
  is-relative@^0.2.1:
    version "0.2.1"
    resolved "http://registry.npm.taobao.org/is-relative/download/is-relative-0.2.1.tgz#d27f4c7d516d175fb610db84bbeef23c3bc97aa5"
    dependencies:
      is-unc-path "^0.1.1"
  
  is-retry-allowed@^1.0.0:
    version "1.1.0"
    resolved "http://registry.npm.taobao.org/is-retry-allowed/download/is-retry-allowed-1.1.0.tgz#11a060568b67339444033d0125a61a20d564fb34"
  
  is-stream@^1.0.0, is-stream@^1.0.1, is-stream@^1.1.0:
    version "1.1.0"
    resolved "http://registry.npm.taobao.org/is-stream/download/is-stream-1.1.0.tgz#12d4a3dd4e68e0b79ceb8dbc84173ae80d91ca44"
  
  is-unc-path@^0.1.1:
    version "0.1.2"
    resolved "http://registry.npm.taobao.org/is-unc-path/download/is-unc-path-0.1.2.tgz#6ab053a72573c10250ff416a3814c35178af39b9"
    dependencies:
      unc-path-regex "^0.1.0"
  
  is-utf8@^0.2.0:
    version "0.2.1"
    resolved "http://registry.npm.taobao.org/is-utf8/download/is-utf8-0.2.1.tgz#4b0da1442104d1b336340e80797e865cf39f7d72"
  
  is-valid-glob@^0.3.0:
    version "0.3.0"
    resolved "http://registry.npm.taobao.org/is-valid-glob/download/is-valid-glob-0.3.0.tgz#d4b55c69f51886f9b65c70d6c2622d37e29f48fe"
  
  is-windows@^0.2.0:
    version "0.2.0"
    resolved "http://registry.npm.taobao.org/is-windows/download/is-windows-0.2.0.tgz#de1aa6d63ea29dd248737b69f1ff8b8002d2108c"
  
  isarray@0.0.1:
    version "0.0.1"
    resolved "http://registry.npm.taobao.org/isarray/download/isarray-0.0.1.tgz#8a18acfca9a8f4177e09abfc6038939b05d1eedf"
  
  isarray@1.0.0, isarray@~1.0.0:
    version "1.0.0"
    resolved "http://registry.npm.taobao.org/isarray/download/isarray-1.0.0.tgz#bb935d48582cba168c06834957a54a3e07124f11"
  
  isexe@^2.0.0:
    version "2.0.0"
    resolved "http://registry.npm.taobao.org/isexe/download/isexe-2.0.0.tgz#e8fbf374dc556ff8947a10dcb0572d633f2cfa10"
  
  isobject@^2.0.0:
    version "2.1.0"
    resolved "http://registry.npm.taobao.org/isobject/download/isobject-2.1.0.tgz#f065561096a3f1da2ef46272f815c840d87e0c89"
    dependencies:
      isarray "1.0.0"
  
  isobject@^3.0.0, isobject@^3.0.1:
    version "3.0.1"
    resolved "http://registry.npm.taobao.org/isobject/download/isobject-3.0.1.tgz#4e431e92b11a9731636aa1f9c8d1ccbcfdab78df"
  
  json-schema-traverse@^0.3.0:
    version "0.3.1"
    resolved "http://registry.npm.taobao.org/json-schema-traverse/download/json-schema-traverse-0.3.1.tgz#349a6d44c53a51de89b40805c5d5e59b417d3340"
  
  json-stable-stringify@^1.0.0:
    version "1.0.1"
    resolved "http://registry.npm.taobao.org/json-stable-stringify/download/json-stable-stringify-1.0.1.tgz#9a759d39c5f2ff503fd5300646ed445f88c4f9af"
    dependencies:
      jsonify "~0.0.0"
  
  jsonify@~0.0.0:
    version "0.0.0"
    resolved "http://registry.npm.taobao.org/jsonify/download/jsonify-0.0.0.tgz#2c74b6ee41d93ca51b7b5aaee8f503631d252a73"
  
  kareem@1.4.1:
    version "1.4.1"
    resolved "http://registry.npm.taobao.org/kareem/download/kareem-1.4.1.tgz#ed76200044fa041ef32b4da8261e2553f1173531"
  
  kareem@1.5.0:
    version "1.5.0"
    resolved "http://registry.npm.taobao.org/kareem/download/kareem-1.5.0.tgz#e3e4101d9dcfde299769daf4b4db64d895d17448"
  
  kind-of@^3.0.2:
    version "3.2.2"
    resolved "http://registry.npm.taobao.org/kind-of/download/kind-of-3.2.2.tgz#31ea21a734bab9bbb0f32466d893aea51e4a3c64"
    dependencies:
      is-buffer "^1.1.5"
  
  kind-of@^4.0.0:
    version "4.0.0"
    resolved "http://registry.npm.taobao.org/kind-of/download/kind-of-4.0.0.tgz#20813df3d712928b207378691a45066fae72dd57"
    dependencies:
      is-buffer "^1.1.5"
  
  latest-version@^3.0.0:
    version "3.1.0"
    resolved "http://registry.npm.taobao.org/latest-version/download/latest-version-3.1.0.tgz#a205383fea322b33b5ae3b18abee0dc2f356ee15"
    dependencies:
      package-json "^4.0.0"
  
  lazystream@^1.0.0:
    version "1.0.0"
    resolved "http://registry.npm.taobao.org/lazystream/download/lazystream-1.0.0.tgz#f6995fe0f820392f61396be89462407bb77168e4"
    dependencies:
      readable-stream "^2.0.5"
  
  liftoff@^2.1.0:
    version "2.3.0"
    resolved "http://registry.npm.taobao.org/liftoff/download/liftoff-2.3.0.tgz#a98f2ff67183d8ba7cfaca10548bd7ff0550b385"
    dependencies:
      extend "^3.0.0"
      findup-sync "^0.4.2"
      fined "^1.0.1"
      flagged-respawn "^0.3.2"
      lodash.isplainobject "^4.0.4"
      lodash.isstring "^4.0.1"
      lodash.mapvalues "^4.4.0"
      rechoir "^0.6.2"
      resolve "^1.1.7"
  
  light-my-request@^1.0.0:
    version "1.1.0"
    resolved "http://registry.npm.taobao.org/light-my-request/download/light-my-request-1.1.0.tgz#513f4bec665ecea54a101daa094673ce2eb0c966"
    dependencies:
      ajv "^5.2.3"
  
  lodash._basecopy@^3.0.0:
    version "3.0.1"
    resolved "http://registry.npm.taobao.org/lodash._basecopy/download/lodash._basecopy-3.0.1.tgz#8da0e6a876cf344c0ad8a54882111dd3c5c7ca36"
  
  lodash._basetostring@^3.0.0:
    version "3.0.1"
    resolved "http://registry.npm.taobao.org/lodash._basetostring/download/lodash._basetostring-3.0.1.tgz#d1861d877f824a52f669832dcaf3ee15566a07d5"
  
  lodash._basevalues@^3.0.0:
    version "3.0.0"
    resolved "http://registry.npm.taobao.org/lodash._basevalues/download/lodash._basevalues-3.0.0.tgz#5b775762802bde3d3297503e26300820fdf661b7"
  
  lodash._getnative@^3.0.0:
    version "3.9.1"
    resolved "http://registry.npm.taobao.org/lodash._getnative/download/lodash._getnative-3.9.1.tgz#570bc7dede46d61cdcde687d65d3eecbaa3aaff5"
  
  lodash._isiterateecall@^3.0.0:
    version "3.0.9"
    resolved "http://registry.npm.taobao.org/lodash._isiterateecall/download/lodash._isiterateecall-3.0.9.tgz#5203ad7ba425fae842460e696db9cf3e6aac057c"
  
  lodash._reescape@^3.0.0:
    version "3.0.0"
    resolved "http://registry.npm.taobao.org/lodash._reescape/download/lodash._reescape-3.0.0.tgz#2b1d6f5dfe07c8a355753e5f27fac7f1cde1616a"
  
  lodash._reevaluate@^3.0.0:
    version "3.0.0"
    resolved "http://registry.npm.taobao.org/lodash._reevaluate/download/lodash._reevaluate-3.0.0.tgz#58bc74c40664953ae0b124d806996daca431e2ed"
  
  lodash._reinterpolate@^3.0.0:
    version "3.0.0"
    resolved "http://registry.npm.taobao.org/lodash._reinterpolate/download/lodash._reinterpolate-3.0.0.tgz#0ccf2d89166af03b3663c796538b75ac6e114d9d"
  
  lodash._root@^3.0.0:
    version "3.0.1"
    resolved "http://registry.npm.taobao.org/lodash._root/download/lodash._root-3.0.1.tgz#fba1c4524c19ee9a5f8136b4609f017cf4ded692"
  
  lodash.escape@^3.0.0:
    version "3.2.0"
    resolved "http://registry.npm.taobao.org/lodash.escape/download/lodash.escape-3.2.0.tgz#995ee0dc18c1b48cc92effae71a10aab5b487698"
    dependencies:
      lodash._root "^3.0.0"
  
  lodash.get@4.4.2:
    version "4.4.2"
    resolved "http://registry.npm.taobao.org/lodash.get/download/lodash.get-4.4.2.tgz#2d177f652fa31e939b4438d5341499dfa3825e99"
  
  lodash.isarguments@^3.0.0:
    version "3.1.0"
    resolved "http://registry.npm.taobao.org/lodash.isarguments/download/lodash.isarguments-3.1.0.tgz#2f573d85c6a24289ff00663b491c1d338ff3458a"
  
  lodash.isarray@^3.0.0:
    version "3.0.4"
    resolved "http://registry.npm.taobao.org/lodash.isarray/download/lodash.isarray-3.0.4.tgz#79e4eb88c36a8122af86f844aa9bcd851b5fbb55"
  
  lodash.isequal@^4.0.0:
    version "4.5.0"
    resolved "http://registry.npm.taobao.org/lodash.isequal/download/lodash.isequal-4.5.0.tgz#415c4478f2bcc30120c22ce10ed3226f7d3e18e0"
  
  lodash.isplainobject@^4.0.4:
    version "4.0.6"
    resolved "http://registry.npm.taobao.org/lodash.isplainobject/download/lodash.isplainobject-4.0.6.tgz#7c526a52d89b45c45cc690b88163be0497f550cb"
  
  lodash.isstring@^4.0.1:
    version "4.0.1"
    resolved "http://registry.npm.taobao.org/lodash.isstring/download/lodash.isstring-4.0.1.tgz#d527dfb5456eca7cc9bb95d5daeaf88ba54a5451"
  
  lodash.keys@^3.0.0:
    version "3.1.2"
    resolved "http://registry.npm.taobao.org/lodash.keys/download/lodash.keys-3.1.2.tgz#4dbc0472b156be50a0b286855d1bd0b0c656098a"
    dependencies:
      lodash._getnative "^3.0.0"
      lodash.isarguments "^3.0.0"
      lodash.isarray "^3.0.0"
  
  lodash.mapvalues@^4.4.0:
    version "4.6.0"
    resolved "http://registry.npm.taobao.org/lodash.mapvalues/download/lodash.mapvalues-4.6.0.tgz#1bafa5005de9dd6f4f26668c30ca37230cc9689c"
  
  lodash.restparam@^3.0.0:
    version "3.6.1"
    resolved "http://registry.npm.taobao.org/lodash.restparam/download/lodash.restparam-3.6.1.tgz#936a4e309ef330a7645ed4145986c85ae5b20805"
  
  lodash.template@^3.0.0:
    version "3.6.2"
    resolved "http://registry.npm.taobao.org/lodash.template/download/lodash.template-3.6.2.tgz#f8cdecc6169a255be9098ae8b0c53d378931d14f"
    dependencies:
      lodash._basecopy "^3.0.0"
      lodash._basetostring "^3.0.0"
      lodash._basevalues "^3.0.0"
      lodash._isiterateecall "^3.0.0"
      lodash._reinterpolate "^3.0.0"
      lodash.escape "^3.0.0"
      lodash.keys "^3.0.0"
      lodash.restparam "^3.0.0"
      lodash.templatesettings "^3.0.0"
  
  lodash.templatesettings@^3.0.0:
    version "3.1.1"
    resolved "http://registry.npm.taobao.org/lodash.templatesettings/download/lodash.templatesettings-3.1.1.tgz#fb307844753b66b9f1afa54e262c745307dba8e5"
    dependencies:
      lodash._reinterpolate "^3.0.0"
      lodash.escape "^3.0.0"
  
  lodash@4.17.4, lodash@^4.14.0:
    version "4.17.4"
    resolved "http://registry.npm.taobao.org/lodash/download/lodash-4.17.4.tgz#78203a4d1c328ae1d86dca6460e369b57f4055ae"
  
  lodash@~1.0.1:
    version "1.0.2"
    resolved "http://registry.npm.taobao.org/lodash/download/lodash-1.0.2.tgz#8f57560c83b59fc270bd3d561b690043430e2551"
  
  lowercase-keys@^1.0.0:
    version "1.0.0"
    resolved "http://registry.npm.taobao.org/lowercase-keys/download/lowercase-keys-1.0.0.tgz#4e3366b39e7f5457e35f1324bdf6f88d0bfc7306"
  
  lru-cache@2:
    version "2.7.3"
    resolved "http://registry.npm.taobao.org/lru-cache/download/lru-cache-2.7.3.tgz#6d4524e8b955f95d4f5b58851ce21dd72fb4e952"
  
  lru-cache@^4.0.1:
    version "4.1.1"
    resolved "http://registry.npm.taobao.org/lru-cache/download/lru-cache-4.1.1.tgz#622e32e82488b49279114a4f9ecf45e7cd6bba55"
    dependencies:
      pseudomap "^1.0.2"
      yallist "^2.1.2"
  
  make-dir@^1.0.0:
    version "1.1.0"
    resolved "http://registry.npm.taobao.org/make-dir/download/make-dir-1.1.0.tgz#19b4369fe48c116f53c2af95ad102c0e39e85d51"
    dependencies:
      pify "^3.0.0"
  
  map-cache@^0.2.0:
    version "0.2.2"
    resolved "http://registry.npm.taobao.org/map-cache/download/map-cache-0.2.2.tgz#c32abd0bd6525d9b051645bb4f26ac5dc98a0dbf"
  
  marked@^0.3.6:
    version "0.3.6"
    resolved "http://registry.npm.taobao.org/marked/download/marked-0.3.6.tgz#b2c6c618fccece4ef86c4fc6cb8a7cbf5aeda8d7"
  
  merge-stream@^1.0.0:
    version "1.0.1"
    resolved "http://registry.npm.taobao.org/merge-stream/download/merge-stream-1.0.1.tgz#4041202d508a342ba00174008df0c251b8c135e1"
    dependencies:
      readable-stream "^2.0.1"
  
  micromatch@^2.3.7:
    version "2.3.11"
    resolved "http://registry.npm.taobao.org/micromatch/download/micromatch-2.3.11.tgz#86677c97d1720b363431d04d0d15293bd38c1565"
    dependencies:
      arr-diff "^2.0.0"
      array-unique "^0.2.1"
      braces "^1.8.2"
      expand-brackets "^0.1.4"
      extglob "^0.3.1"
      filename-regex "^2.0.0"
      is-extglob "^1.0.0"
      is-glob "^2.0.1"
      kind-of "^3.0.2"
      normalize-path "^2.0.1"
      object.omit "^2.0.0"
      parse-glob "^3.0.4"
      regex-cache "^0.4.2"
  
  middie@^2.1.1:
    version "2.1.1"
    resolved "http://registry.npm.taobao.org/middie/download/middie-2.1.1.tgz#4b79c0fe78b243c4e98ae59065426b8aa8ede588"
    dependencies:
      path-to-regexp "^2.0.0"
      reusify "^1.0.2"
  
  mime@1.4.1:
    version "1.4.1"
    resolved "http://registry.npm.taobao.org/mime/download/mime-1.4.1.tgz#121f9ebc49e3766f311a76e1fa1c8003c4b03aa6"
  
  mimic-response@^1.0.0:
    version "1.0.0"
    resolved "http://registry.npm.taobao.org/mimic-response/download/mimic-response-1.0.0.tgz#df3d3652a73fded6b9b0b24146e6fd052353458e"
  
  "minimatch@2 || 3":
    version "3.0.4"
    resolved "http://registry.npm.taobao.org/minimatch/download/minimatch-3.0.4.tgz#5166e286457f03306064be5497e8dbb0c3d32083"
    dependencies:
      brace-expansion "^1.1.7"
  
  minimatch@^2.0.1:
    version "2.0.10"
    resolved "http://registry.npm.taobao.org/minimatch/download/minimatch-2.0.10.tgz#8d087c39c6b38c001b97fca7ce6d0e1e80afbac7"
    dependencies:
      brace-expansion "^1.0.0"
  
  minimatch@~0.2.11:
    version "0.2.14"
    resolved "http://registry.npm.taobao.org/minimatch/download/minimatch-0.2.14.tgz#c74e780574f63c6f9a090e90efbe6ef53a6a756a"
    dependencies:
      lru-cache "2"
      sigmund "~1.0.0"
  
  minimist@0.0.8:
    version "0.0.8"
    resolved "http://registry.npm.taobao.org/minimist/download/minimist-0.0.8.tgz#857fcabfc3397d2625b8228262e86aa7a011b05d"
  
  minimist@^1.1.0, minimist@^1.2.0:
    version "1.2.0"
    resolved "http://registry.npm.taobao.org/minimist/download/minimist-1.2.0.tgz#a35008b20f41383eec1fb914f4cd5df79a264284"
  
  mkdirp@^0.5.0:
    version "0.5.1"
    resolved "http://registry.npm.taobao.org/mkdirp/download/mkdirp-0.5.1.tgz#30057438eac6cf7f8c4767f38648d6697d75c903"
    dependencies:
      minimist "0.0.8"
  
  moment@^2.19.1:
    version "2.19.1"
    resolved "http://registry.npm.taobao.org/moment/download/moment-2.19.1.tgz#56da1a2d1cbf01d38b7e1afc31c10bcfa1929167"
  
  mongodb-core@2.1.11:
    version "2.1.11"
    resolved "http://registry.npm.taobao.org/mongodb-core/download/mongodb-core-2.1.11.tgz#1c38776ceb174997a99c28860eed9028da9b3e1a"
    dependencies:
      bson "~1.0.4"
      require_optional "~1.0.0"
  
  mongodb-core@2.1.17:
    version "2.1.17"
    resolved "http://registry.npm.taobao.org/mongodb-core/download/mongodb-core-2.1.17.tgz#a418b337a14a14990fb510b923dee6a813173df8"
    dependencies:
      bson "~1.0.4"
      require_optional "~1.0.0"
  
  mongodb@2.2.27:
    version "2.2.27"
    resolved "http://registry.npm.taobao.org/mongodb/download/mongodb-2.2.27.tgz#34122034db66d983bcf6ab5adb26a24a70fef6e6"
    dependencies:
      es6-promise "3.2.1"
      mongodb-core "2.1.11"
      readable-stream "2.2.7"
  
  mongodb@2.2.33:
    version "2.2.33"
    resolved "http://registry.npm.taobao.org/mongodb/download/mongodb-2.2.33.tgz#b537c471d34a6651b48f36fdbf29750340e08b50"
    dependencies:
      es6-promise "3.2.1"
      mongodb-core "2.1.17"
      readable-stream "2.2.7"
  
  mongoose@4.11.1:
    version "4.11.1"
    resolved "http://registry.npm.taobao.org/mongoose/download/mongoose-4.11.1.tgz#2560b6d89e744b05857d024cab8b316066716e3e"
    dependencies:
      async "2.1.4"
      bson "~1.0.4"
      hooks-fixed "2.0.0"
      kareem "1.4.1"
      mongodb "2.2.27"
      mpath "0.3.0"
      mpromise "0.5.5"
      mquery "2.3.1"
      ms "2.0.0"
      muri "1.2.1"
      regexp-clone "0.0.1"
      sliced "1.0.1"
  
  mongoose@^4.12.4:
    version "4.13.0"
    resolved "http://registry.npm.taobao.org/mongoose/download/mongoose-4.13.0.tgz#81bb266e045d66ac8dfdd84fc6749c873d7a6ac4"
    dependencies:
      async "2.1.4"
      bson "~1.0.4"
      hooks-fixed "2.0.2"
      kareem "1.5.0"
      lodash.get "4.4.2"
      mongodb "2.2.33"
      mpath "0.3.0"
      mpromise "0.5.5"
      mquery "2.3.2"
      ms "2.0.0"
      muri "1.3.0"
      regexp-clone "0.0.1"
      sliced "1.0.1"
  
  mpath@0.3.0:
    version "0.3.0"
    resolved "http://registry.npm.taobao.org/mpath/download/mpath-0.3.0.tgz#7a58f789e9b5fd3c94520634157960f26bd5ef44"
  
  mpromise@0.5.5:
    version "0.5.5"
    resolved "http://registry.npm.taobao.org/mpromise/download/mpromise-0.5.5.tgz#f5b24259d763acc2257b0a0c8c6d866fd51732e6"
  
  mquery@2.3.1:
    version "2.3.1"
    resolved "http://registry.npm.taobao.org/mquery/download/mquery-2.3.1.tgz#9ab36749714800ff0bb53a681ce4bc4d5f07c87b"
    dependencies:
      bluebird "2.10.2"
      debug "2.6.8"
      regexp-clone "0.0.1"
      sliced "0.0.5"
  
  mquery@2.3.2:
    version "2.3.2"
    resolved "http://registry.npm.taobao.org/mquery/download/mquery-2.3.2.tgz#e2c60ad117cf080f2efb1ecdd144e7bbffbfca11"
    dependencies:
      bluebird "^3.5.0"
      debug "^2.6.9"
      regexp-clone "^0.0.1"
      sliced "0.0.5"
  
  ms@2.0.0:
    version "2.0.0"
    resolved "http://registry.npm.taobao.org/ms/download/ms-2.0.0.tgz#5608aeadfc00be6c2901df5f9861788de0d597c8"
  
  multipipe@^0.1.2:
    version "0.1.2"
    resolved "http://registry.npm.taobao.org/multipipe/download/multipipe-0.1.2.tgz#2a8f2ddf70eed564dff2d57f1e1a137d9f05078b"
    dependencies:
      duplexer2 "0.0.2"
  
  muri@1.2.1:
    version "1.2.1"
    resolved "http://registry.npm.taobao.org/muri/download/muri-1.2.1.tgz#ec7ea5ce6ca6a523eb1ab35bacda5fa816c9aa3c"
  
  muri@1.3.0:
    version "1.3.0"
    resolved "http://registry.npm.taobao.org/muri/download/muri-1.3.0.tgz#aeccf3db64c56aa7c5b34e00f95b7878527a4721"
  
  natives@^1.1.0:
    version "1.1.0"
    resolved "http://registry.npm.taobao.org/natives/download/natives-1.1.0.tgz#e9ff841418a6b2ec7a495e939984f78f163e6e31"
  
  normalize-path@^2.0.1:
    version "2.1.1"
    resolved "http://registry.npm.taobao.org/normalize-path/download/normalize-path-2.1.1.tgz#1ab28b556e198363a8c1a6f7e6fa20137fe6aed9"
    dependencies:
      remove-trailing-separator "^1.0.1"
  
  npm-run-path@^2.0.0:
    version "2.0.2"
    resolved "http://registry.npm.taobao.org/npm-run-path/download/npm-run-path-2.0.2.tgz#35a9232dfa35d7067b4cb2ddf2357b1871536c5f"
    dependencies:
      path-key "^2.0.0"
  
  number-is-nan@^1.0.0:
    version "1.0.1"
    resolved "http://registry.npm.taobao.org/number-is-nan/download/number-is-nan-1.0.1.tgz#097b602b53422a522c1afb8790318336941a011d"
  
  object-assign@^3.0.0:
    version "3.0.0"
    resolved "http://registry.npm.taobao.org/object-assign/download/object-assign-3.0.0.tgz#9bedd5ca0897949bca47e7ff408062d549f587f2"
  
  object-assign@^4.0.0:
    version "4.1.1"
    resolved "http://registry.npm.taobao.org/object-assign/download/object-assign-4.1.1.tgz#2109adc7965887cfc05cbbd442cac8bfbb360863"
  
  object.defaults@^1.1.0:
    version "1.1.0"
    resolved "http://registry.npm.taobao.org/object.defaults/download/object.defaults-1.1.0.tgz#3a7f868334b407dea06da16d88d5cd29e435fecf"
    dependencies:
      array-each "^1.0.1"
      array-slice "^1.0.0"
      for-own "^1.0.0"
      isobject "^3.0.0"
  
  object.omit@^2.0.0:
    version "2.0.1"
    resolved "http://registry.npm.taobao.org/object.omit/download/object.omit-2.0.1.tgz#1a9c744829f39dbb858c76ca3579ae2a54ebd1fa"
    dependencies:
      for-own "^0.1.4"
      is-extendable "^0.1.1"
  
  object.pick@^1.2.0:
    version "1.3.0"
    resolved "http://registry.npm.taobao.org/object.pick/download/object.pick-1.3.0.tgz#87a10ac4c1694bd2e1cbf53591a66141fb5dd747"
    dependencies:
      isobject "^3.0.1"
  
  on-finished@~2.3.0:
    version "2.3.0"
    resolved "http://registry.npm.taobao.org/on-finished/download/on-finished-2.3.0.tgz#20f1336481b083cd75337992a16971aa2d906947"
    dependencies:
      ee-first "1.1.1"
  
  once@^1.3.0, once@^1.3.1, once@^1.4.0:
    version "1.4.0"
    resolved "http://registry.npm.taobao.org/once/download/once-1.4.0.tgz#583b1aa775961d4b113ac17d9c50baef9dd76bd1"
    dependencies:
      wrappy "1"
  
  once@~1.3.0:
    version "1.3.3"
    resolved "http://registry.npm.taobao.org/once/download/once-1.3.3.tgz#b2e261557ce4c314ec8304f3fa82663e4297ca20"
    dependencies:
      wrappy "1"
  
  orchestrator@^0.3.0:
    version "0.3.8"
    resolved "http://registry.npm.taobao.org/orchestrator/download/orchestrator-0.3.8.tgz#14e7e9e2764f7315fbac184e506c7aa6df94ad7e"
    dependencies:
      end-of-stream "~0.1.5"
      sequencify "~0.0.7"
      stream-consume "~0.1.0"
  
  ordered-read-streams@^0.1.0:
    version "0.1.0"
    resolved "http://registry.npm.taobao.org/ordered-read-streams/download/ordered-read-streams-0.1.0.tgz#fd565a9af8eb4473ba69b6ed8a34352cb552f126"
  
  ordered-read-streams@^0.3.0:
    version "0.3.0"
    resolved "http://registry.npm.taobao.org/ordered-read-streams/download/ordered-read-streams-0.3.0.tgz#7137e69b3298bb342247a1bbee3881c80e2fd78b"
    dependencies:
      is-stream "^1.0.1"
      readable-stream "^2.0.1"
  
  os-homedir@^1.0.0, os-homedir@^1.0.1:
    version "1.0.2"
    resolved "http://registry.npm.taobao.org/os-homedir/download/os-homedir-1.0.2.tgz#ffbc4988336e0e833de0c168c7ef152121aa7fb3"
  
  p-finally@^1.0.0:
    version "1.0.0"
    resolved "http://registry.npm.taobao.org/p-finally/download/p-finally-1.0.0.tgz#3fbcfb15b899a44123b34b6dcc18b724336a2cae"
  
  package-json@^4.0.0:
    version "4.0.1"
    resolved "http://registry.npm.taobao.org/package-json/download/package-json-4.0.1.tgz#8869a0401253661c4c4ca3da6c2121ed555f5eed"
    dependencies:
      got "^6.7.1"
      registry-auth-token "^3.0.1"
      registry-url "^3.0.3"
      semver "^5.1.0"
  
  pad-left@^2.1.0:
    version "2.1.0"
    resolved "http://registry.npm.taobao.org/pad-left/download/pad-left-2.1.0.tgz#16e6a3b2d44a8e138cb0838cc7cb403a4fc9e994"
    dependencies:
      repeat-string "^1.5.4"
  
  pad-right@^0.2.2:
    version "0.2.2"
    resolved "http://registry.npm.taobao.org/pad-right/download/pad-right-0.2.2.tgz#6fbc924045d244f2a2a244503060d3bfc6009774"
    dependencies:
      repeat-string "^1.5.2"
  
  parse-filepath@^1.0.1:
    version "1.0.1"
    resolved "http://registry.npm.taobao.org/parse-filepath/download/parse-filepath-1.0.1.tgz#159d6155d43904d16c10ef698911da1e91969b73"
    dependencies:
      is-absolute "^0.2.3"
      map-cache "^0.2.0"
      path-root "^0.1.1"
  
  parse-glob@^3.0.4:
    version "3.0.4"
    resolved "http://registry.npm.taobao.org/parse-glob/download/parse-glob-3.0.4.tgz#b2c376cfb11f35513badd173ef0bb6e3a388391c"
    dependencies:
      glob-base "^0.3.0"
      is-dotfile "^1.0.0"
      is-extglob "^1.0.0"
      is-glob "^2.0.0"
  
  parse-json@^2.2.0:
    version "2.2.0"
    resolved "http://registry.npm.taobao.org/parse-json/download/parse-json-2.2.0.tgz#f480f40434ef80741f8469099f8dea18f55a4dc9"
    dependencies:
      error-ex "^1.2.0"
  
  parse-ms@^1.0.0:
    version "1.0.1"
    resolved "http://registry.npm.taobao.org/parse-ms/download/parse-ms-1.0.1.tgz#56346d4749d78f23430ca0c713850aef91aa361d"
  
  parse-passwd@^1.0.0:
    version "1.0.0"
    resolved "http://registry.npm.taobao.org/parse-passwd/download/parse-passwd-1.0.0.tgz#6d5b934a456993b23d37f40a382d6f1666a8e5c6"
  
  path-dirname@^1.0.0:
    version "1.0.2"
    resolved "http://registry.npm.taobao.org/path-dirname/download/path-dirname-1.0.2.tgz#cc33d24d525e099a5388c0336c6e32b9160609e0"
  
  path-is-absolute@^1.0.0:
    version "1.0.1"
    resolved "http://registry.npm.taobao.org/path-is-absolute/download/path-is-absolute-1.0.1.tgz#174b9268735534ffbc7ace6bf53a5a9e1b5c5f5f"
  
  path-is-inside@^1.0.1:
    version "1.0.2"
    resolved "http://registry.npm.taobao.org/path-is-inside/download/path-is-inside-1.0.2.tgz#365417dede44430d1c11af61027facf074bdfc53"
  
  path-key@^2.0.0:
    version "2.0.1"
    resolved "http://registry.npm.taobao.org/path-key/download/path-key-2.0.1.tgz#411cadb574c5a140d3a4b1910d40d80cc9f40b40"
  
  path-parse@^1.0.5:
    version "1.0.5"
    resolved "http://registry.npm.taobao.org/path-parse/download/path-parse-1.0.5.tgz#3c1adf871ea9cd6c9431b6ea2bd74a0ff055c4c1"
  
  path-root-regex@^0.1.0:
    version "0.1.2"
    resolved "http://registry.npm.taobao.org/path-root-regex/download/path-root-regex-0.1.2.tgz#bfccdc8df5b12dc52c8b43ec38d18d72c04ba96d"
  
  path-root@^0.1.1:
    version "0.1.1"
    resolved "http://registry.npm.taobao.org/path-root/download/path-root-0.1.1.tgz#9a4a6814cac1c0cd73360a95f32083c8ea4745b7"
    dependencies:
      path-root-regex "^0.1.0"
  
  path-to-regexp@^2.0.0:
    version "2.1.0"
    resolved "http://registry.npm.taobao.org/path-to-regexp/download/path-to-regexp-2.1.0.tgz#7e30f9f5b134bd6a28ffc2e3ef1e47075ac5259b"
  
  pify@^3.0.0:
    version "3.0.0"
    resolved "http://registry.npm.taobao.org/pify/download/pify-3.0.0.tgz#e5a4acd2c101fdf3d9a4d07f0dbc4db49dd28176"
  
  pino-colada@^1.4.0:
    version "1.4.2"
    resolved "http://registry.npm.taobao.org/pino-colada/download/pino-colada-1.4.2.tgz#a4b4d7e1afe95425ebc665da818c5266002d1324"
    dependencies:
      chalk "^2.0.1"
      fast-json-parse "^1.0.2"
      pad-left "^2.1.0"
      pad-right "^0.2.2"
      prettier-bytes "^1.0.3"
      pretty-ms "^2.1.0"
      split2 "^2.1.1"
  
  pino@^4.8.1, pino@^4.9.0:
    version "4.9.0"
    resolved "http://registry.npm.taobao.org/pino/download/pino-4.9.0.tgz#2cbb42645a5789847b2072759e3625b76bb791bb"
    dependencies:
      chalk "^2.0.1"
      fast-json-parse "^1.0.0"
      fast-safe-stringify "^1.1.11"
      flatstr "^1.0.4"
      pump "^1.0.2"
      quick-format-unescaped "^1.1.1"
      split2 "^2.0.1"
  
  plur@^1.0.0:
    version "1.0.0"
    resolved "http://registry.npm.taobao.org/plur/download/plur-1.0.0.tgz#db85c6814f5e5e5a3b49efc28d604fec62975156"
  
  prepend-http@^1.0.1:
    version "1.0.4"
    resolved "http://registry.npm.taobao.org/prepend-http/download/prepend-http-1.0.4.tgz#d4f4562b0ce3696e41ac52d0e002e57a635dc6dc"
  
  preserve@^0.2.0:
    version "0.2.0"
    resolved "http://registry.npm.taobao.org/preserve/download/preserve-0.2.0.tgz#815ed1f6ebc65926f865b310c0713bcb3315ce4b"
  
  prettier-bytes@^1.0.3:
    version "1.0.4"
    resolved "http://registry.npm.taobao.org/prettier-bytes/download/prettier-bytes-1.0.4.tgz#994b02aa46f699c50b6257b5faaa7fe2557e62d6"
  
  pretty-hrtime@^1.0.0:
    version "1.0.3"
    resolved "http://registry.npm.taobao.org/pretty-hrtime/download/pretty-hrtime-1.0.3.tgz#b7e3ea42435a4c9b2759d99e0f201eb195802ee1"
  
  pretty-ms@^2.1.0:
    version "2.1.0"
    resolved "http://registry.npm.taobao.org/pretty-ms/download/pretty-ms-2.1.0.tgz#4257c256df3fb0b451d6affaab021884126981dc"
    dependencies:
      is-finite "^1.0.1"
      parse-ms "^1.0.0"
      plur "^1.0.0"
  
  process-nextick-args@~1.0.6:
    version "1.0.7"
    resolved "http://registry.npm.taobao.org/process-nextick-args/download/process-nextick-args-1.0.7.tgz#150e20b756590ad3f91093f25a4f2ad8bff30ba3"
  
  pseudomap@^1.0.2:
    version "1.0.2"
    resolved "http://registry.npm.taobao.org/pseudomap/download/pseudomap-1.0.2.tgz#f052a28da70e618917ef0a8ac34c1ae5a68286b3"
  
  pump@^1.0.2:
    version "1.0.2"
    resolved "http://registry.npm.taobao.org/pump/download/pump-1.0.2.tgz#3b3ee6512f94f0e575538c17995f9f16990a5d51"
    dependencies:
      end-of-stream "^1.1.0"
      once "^1.3.1"
  
  qs@^6.5.0:
    version "6.5.1"
    resolved "http://registry.npm.taobao.org/qs/download/qs-6.5.1.tgz#349cdf6eef89ec45c12d7d5eb3fc0c870343a6d8"
  
  quick-format-unescaped@^1.1.1:
    version "1.1.1"
    resolved "http://registry.npm.taobao.org/quick-format-unescaped/download/quick-format-unescaped-1.1.1.tgz#e77555ef3e66e105d4039e13ef79201284fee916"
    dependencies:
      fast-safe-stringify "^1.0.8"
  
  random-bytes@~1.0.0:
    version "1.0.0"
    resolved "http://registry.npm.taobao.org/random-bytes/download/random-bytes-1.0.0.tgz#4f68a1dc0ae58bd3fb95848c30324db75d64360b"
  
  randomatic@^1.1.3:
    version "1.1.7"
    resolved "http://registry.npm.taobao.org/randomatic/download/randomatic-1.1.7.tgz#c7abe9cc8b87c0baa876b19fde83fd464797e38c"
    dependencies:
      is-number "^3.0.0"
      kind-of "^4.0.0"
  
  range-parser@~1.2.0:
    version "1.2.0"
    resolved "http://registry.npm.taobao.org/range-parser/download/range-parser-1.2.0.tgz#f49be6b487894ddc40dcc94a322f611092e00d5e"
  
  rc@^1.0.1, rc@^1.1.6:
    version "1.2.2"
    resolved "http://registry.npm.taobao.org/rc/download/rc-1.2.2.tgz#d8ce9cb57e8d64d9c7badd9876c7c34cbe3c7077"
    dependencies:
      deep-extend "~0.4.0"
      ini "~1.3.0"
      minimist "^1.2.0"
      strip-json-comments "~2.0.1"
  
  readable-stream@2.2.7:
    version "2.2.7"
    resolved "http://registry.npm.taobao.org/readable-stream/download/readable-stream-2.2.7.tgz#07057acbe2467b22042d36f98c5ad507054e95b1"
    dependencies:
      buffer-shims "~1.0.0"
      core-util-is "~1.0.0"
      inherits "~2.0.1"
      isarray "~1.0.0"
      process-nextick-args "~1.0.6"
      string_decoder "~1.0.0"
      util-deprecate "~1.0.1"
  
  "readable-stream@>=1.0.33-1 <1.1.0-0":
    version "1.0.34"
    resolved "http://registry.npm.taobao.org/readable-stream/download/readable-stream-1.0.34.tgz#125820e34bc842d2f2aaafafe4c2916ee32c157c"
    dependencies:
      core-util-is "~1.0.0"
      inherits "~2.0.1"
      isarray "0.0.1"
      string_decoder "~0.10.x"
  
  readable-stream@^2.0.0, readable-stream@^2.0.1, readable-stream@^2.0.4, readable-stream@^2.0.5, readable-stream@^2.1.5:
    version "2.3.3"
    resolved "http://registry.npm.taobao.org/readable-stream/download/readable-stream-2.3.3.tgz#368f2512d79f9d46fdfc71349ae7878bbc1eb95c"
    dependencies:
      core-util-is "~1.0.0"
      inherits "~2.0.3"
      isarray "~1.0.0"
      process-nextick-args "~1.0.6"
      safe-buffer "~5.1.1"
      string_decoder "~1.0.3"
      util-deprecate "~1.0.1"
  
  readable-stream@~1.1.9:
    version "1.1.14"
    resolved "http://registry.npm.taobao.org/readable-stream/download/readable-stream-1.1.14.tgz#7cf4c54ef648e3813084c636dd2079e166c081d9"
    dependencies:
      core-util-is "~1.0.0"
      inherits "~2.0.1"
      isarray "0.0.1"
      string_decoder "~0.10.x"
  
  rechoir@^0.6.2:
    version "0.6.2"
    resolved "http://registry.npm.taobao.org/rechoir/download/rechoir-0.6.2.tgz#85204b54dba82d5742e28c96756ef43af50e3384"
    dependencies:
      resolve "^1.1.6"
  
  reflect-metadata@0.1.8:
    version "0.1.8"
    resolved "http://registry.npm.taobao.org/reflect-metadata/download/reflect-metadata-0.1.8.tgz#72426d570b60776e3688968bd5ab9537a15cecf6"
  
  reflect-metadata@^0.1.10:
    version "0.1.10"
    resolved "http://registry.npm.taobao.org/reflect-metadata/download/reflect-metadata-0.1.10.tgz#b4f83704416acad89988c9b15635d47e03b9344a"
  
  regex-cache@^0.4.2:
    version "0.4.4"
    resolved "http://registry.npm.taobao.org/regex-cache/download/regex-cache-0.4.4.tgz#75bdc58a2a1496cec48a12835bc54c8d562336dd"
    dependencies:
      is-equal-shallow "^0.1.3"
  
  regexp-clone@0.0.1, regexp-clone@^0.0.1:
    version "0.0.1"
    resolved "http://registry.npm.taobao.org/regexp-clone/download/regexp-clone-0.0.1.tgz#a7c2e09891fdbf38fbb10d376fb73003e68ac589"
  
  registry-auth-token@^3.0.1:
    version "3.3.1"
    resolved "http://registry.npm.taobao.org/registry-auth-token/download/registry-auth-token-3.3.1.tgz#fb0d3289ee0d9ada2cbb52af5dfe66cb070d3006"
    dependencies:
      rc "^1.1.6"
      safe-buffer "^5.0.1"
  
  registry-url@^3.0.3:
    version "3.1.0"
    resolved "http://registry.npm.taobao.org/registry-url/download/registry-url-3.1.0.tgz#3d4ef870f73dde1d77f0cf9a381432444e174942"
    dependencies:
      rc "^1.0.1"
  
  remove-trailing-separator@^1.0.1:
    version "1.1.0"
    resolved "http://registry.npm.taobao.org/remove-trailing-separator/download/remove-trailing-separator-1.1.0.tgz#c24bce2a283adad5bc3f58e0d48249b92379d8ef"
  
  repeat-element@^1.1.2:
    version "1.1.2"
    resolved "http://registry.npm.taobao.org/repeat-element/download/repeat-element-1.1.2.tgz#ef089a178d1483baae4d93eb98b4f9e4e11d990a"
  
  repeat-string@^1.5.2, repeat-string@^1.5.4:
    version "1.6.1"
    resolved "http://registry.npm.taobao.org/repeat-string/download/repeat-string-1.6.1.tgz#8dcae470e1c88abc2d600fff4a776286da75e637"
  
  replace-ext@0.0.1:
    version "0.0.1"
    resolved "http://registry.npm.taobao.org/replace-ext/download/replace-ext-0.0.1.tgz#29bbd92078a739f0bcce2b4ee41e837953522924"
  
  require_optional@~1.0.0:
    version "1.0.1"
    resolved "http://registry.npm.taobao.org/require_optional/download/require_optional-1.0.1.tgz#4cf35a4247f64ca3df8c2ef208cc494b1ca8fc2e"
    dependencies:
      resolve-from "^2.0.0"
      semver "^5.1.0"
  
  resolve-dir@^0.1.0:
    version "0.1.1"
    resolved "http://registry.npm.taobao.org/resolve-dir/download/resolve-dir-0.1.1.tgz#b219259a5602fac5c5c496ad894a6e8cc430261e"
    dependencies:
      expand-tilde "^1.2.2"
      global-modules "^0.2.3"
  
  resolve-from@^2.0.0:
    version "2.0.0"
    resolved "http://registry.npm.taobao.org/resolve-from/download/resolve-from-2.0.0.tgz#9480ab20e94ffa1d9e80a804c7ea147611966b57"
  
  resolve@^1.1.6, resolve@^1.1.7:
    version "1.5.0"
    resolved "http://registry.npm.taobao.org/resolve/download/resolve-1.5.0.tgz#1f09acce796c9a762579f31b2c1cc4c3cddf9f36"
    dependencies:
      path-parse "^1.0.5"
  
  reusify@^1.0.0, reusify@^1.0.2:
    version "1.0.3"
    resolved "http://registry.npm.taobao.org/reusify/download/reusify-1.0.3.tgz#9da7fc786f39400fd6809e3d694b3b28ecd0f38e"
  
  safe-buffer@^5.0.1, safe-buffer@~5.1.0, safe-buffer@~5.1.1:
    version "5.1.1"
    resolved "http://registry.npm.taobao.org/safe-buffer/download/safe-buffer-5.1.1.tgz#893312af69b2123def71f57889001671eeb2c853"
  
  semver-diff@^2.0.0:
    version "2.1.0"
    resolved "http://registry.npm.taobao.org/semver-diff/download/semver-diff-2.1.0.tgz#4bbb8437c8d37e4b0cf1a68fd726ec6d645d6d36"
    dependencies:
      semver "^5.0.3"
  
  semver@^4.1.0:
    version "4.3.6"
    resolved "http://registry.npm.taobao.org/semver/download/semver-4.3.6.tgz#300bc6e0e86374f7ba61068b5b1ecd57fc6532da"
  
  semver@^5.0.3, semver@^5.1.0, semver@^5.3.0:
    version "5.4.1"
    resolved "http://registry.npm.taobao.org/semver/download/semver-5.4.1.tgz#e059c09d8571f0540823733433505d3a2f00b18e"
  
  send@^0.16.0:
    version "0.16.1"
    resolved "http://registry.npm.taobao.org/send/download/send-0.16.1.tgz#a70e1ca21d1382c11d0d9f6231deb281080d7ab3"
    dependencies:
      debug "2.6.9"
      depd "~1.1.1"
      destroy "~1.0.4"
      encodeurl "~1.0.1"
      escape-html "~1.0.3"
      etag "~1.8.1"
      fresh "0.5.2"
      http-errors "~1.6.2"
      mime "1.4.1"
      ms "2.0.0"
      on-finished "~2.3.0"
      range-parser "~1.2.0"
      statuses "~1.3.1"
  
  sequencify@~0.0.7:
    version "0.0.7"
    resolved "http://registry.npm.taobao.org/sequencify/download/sequencify-0.0.7.tgz#90cff19d02e07027fd767f5ead3e7b95d1e7380c"
  
  setprototypeof@1.0.3:
    version "1.0.3"
    resolved "http://registry.npm.taobao.org/setprototypeof/download/setprototypeof-1.0.3.tgz#66567e37043eeb4f04d91bd658c0cbefb55b8e04"
  
  shebang-command@^1.2.0:
    version "1.2.0"
    resolved "http://registry.npm.taobao.org/shebang-command/download/shebang-command-1.2.0.tgz#44aac65b695b03398968c39f363fee5deafdf1ea"
    dependencies:
      shebang-regex "^1.0.0"
  
  shebang-regex@^1.0.0:
    version "1.0.0"
    resolved "http://registry.npm.taobao.org/shebang-regex/download/shebang-regex-1.0.0.tgz#da42f49740c0b42db2ca9728571cb190c98efea3"
  
  sigmund@~1.0.0:
    version "1.0.1"
    resolved "http://registry.npm.taobao.org/sigmund/download/sigmund-1.0.1.tgz#3ff21f198cad2175f9f3b781853fd94d0d19b590"
  
  signal-exit@^3.0.0, signal-exit@^3.0.2:
    version "3.0.2"
    resolved "http://registry.npm.taobao.org/signal-exit/download/signal-exit-3.0.2.tgz#b5fdc08f1287ea1178628e415e25132b73646c6d"
  
  simple-concat@^1.0.0:
    version "1.0.0"
    resolved "http://registry.npm.taobao.org/simple-concat/download/simple-concat-1.0.0.tgz#7344cbb8b6e26fb27d66b2fc86f9f6d5997521c6"
  
  simple-get@^2.7.0:
    version "2.7.0"
    resolved "http://registry.npm.taobao.org/simple-get/download/simple-get-2.7.0.tgz#ad37f926d08129237ff08c4f2edfd6f10e0380b5"
    dependencies:
      decompress-response "^3.3.0"
      once "^1.3.1"
      simple-concat "^1.0.0"
  
  sliced@0.0.5:
    version "0.0.5"
    resolved "http://registry.npm.taobao.org/sliced/download/sliced-0.0.5.tgz#5edc044ca4eb6f7816d50ba2fc63e25d8fe4707f"
  
  sliced@1.0.1:
    version "1.0.1"
    resolved "http://registry.npm.taobao.org/sliced/download/sliced-1.0.1.tgz#0b3a662b5d04c3177b1926bea82b03f837a2ef41"
  
  source-map@~0.5.3:
    version "0.5.7"
    resolved "http://registry.npm.taobao.org/source-map/download/source-map-0.5.7.tgz#8a039d2d1021d22d1ea14c80d8ea468ba2ef3fcc"
  
  sparkles@^1.0.0:
    version "1.0.0"
    resolved "http://registry.npm.taobao.org/sparkles/download/sparkles-1.0.0.tgz#1acbbfb592436d10bbe8f785b7cc6f82815012c3"
  
  split2@^2.0.1, split2@^2.1.1:
    version "2.2.0"
    resolved "http://registry.npm.taobao.org/split2/download/split2-2.2.0.tgz#186b2575bcf83e85b7d18465756238ee4ee42493"
    dependencies:
      through2 "^2.0.2"
  
  "statuses@>= 1.3.1 < 2":
    version "1.4.0"
    resolved "http://registry.npm.taobao.org/statuses/download/statuses-1.4.0.tgz#bb73d446da2796106efcc1b601a253d6c46bd087"
  
  statuses@~1.3.1:
    version "1.3.1"
    resolved "http://registry.npm.taobao.org/statuses/download/statuses-1.3.1.tgz#faf51b9eb74aaef3b3acf4ad5f61abf24cb7b93e"
  
  stream-consume@~0.1.0:
    version "0.1.0"
    resolved "http://registry.npm.taobao.org/stream-consume/download/stream-consume-0.1.0.tgz#a41ead1a6d6081ceb79f65b061901b6d8f3d1d0f"
  
  stream-shift@^1.0.0:
    version "1.0.0"
    resolved "http://registry.npm.taobao.org/stream-shift/download/stream-shift-1.0.0.tgz#d5c752825e5367e786f78e18e445ea223a155952"
  
  string-width@^1.0.1:
    version "1.0.2"
    resolved "http://registry.npm.taobao.org/string-width/download/string-width-1.0.2.tgz#118bdf5b8cdc51a2a7e70d211e07e2b0b9b107d3"
    dependencies:
      code-point-at "^1.0.0"
      is-fullwidth-code-point "^1.0.0"
      strip-ansi "^3.0.0"
  
  string-width@^2.0.0:
    version "2.1.1"
    resolved "http://registry.npm.taobao.org/string-width/download/string-width-2.1.1.tgz#ab93f27a8dc13d28cac815c462143a6d9012ae9e"
    dependencies:
      is-fullwidth-code-point "^2.0.0"
      strip-ansi "^4.0.0"
  
  string_decoder@~0.10.x:
    version "0.10.31"
    resolved "http://registry.npm.taobao.org/string_decoder/download/string_decoder-0.10.31.tgz#62e203bc41766c6c28c9fc84301dab1c5310fa94"
  
  string_decoder@~1.0.0, string_decoder@~1.0.3:
    version "1.0.3"
    resolved "http://registry.npm.taobao.org/string_decoder/download/string_decoder-1.0.3.tgz#0fc67d7c141825de94282dd536bec6b9bce860ab"
    dependencies:
      safe-buffer "~5.1.0"
  
  strip-ansi@^3.0.0:
    version "3.0.1"
    resolved "http://registry.npm.taobao.org/strip-ansi/download/strip-ansi-3.0.1.tgz#6a385fb8853d952d5ff05d0e8aaf94278dc63dcf"
    dependencies:
      ansi-regex "^2.0.0"
  
  strip-ansi@^4.0.0:
    version "4.0.0"
    resolved "http://registry.npm.taobao.org/strip-ansi/download/strip-ansi-4.0.0.tgz#a8479022eb1ac368a871389b635262c505ee368f"
    dependencies:
      ansi-regex "^3.0.0"
  
  strip-bom-stream@^1.0.0:
    version "1.0.0"
    resolved "http://registry.npm.taobao.org/strip-bom-stream/download/strip-bom-stream-1.0.0.tgz#e7144398577d51a6bed0fa1994fa05f43fd988ee"
    dependencies:
      first-chunk-stream "^1.0.0"
      strip-bom "^2.0.0"
  
  strip-bom@^1.0.0:
    version "1.0.0"
    resolved "http://registry.npm.taobao.org/strip-bom/download/strip-bom-1.0.0.tgz#85b8862f3844b5a6d5ec8467a93598173a36f794"
    dependencies:
      first-chunk-stream "^1.0.0"
      is-utf8 "^0.2.0"
  
  strip-bom@^2.0.0:
    version "2.0.0"
    resolved "http://registry.npm.taobao.org/strip-bom/download/strip-bom-2.0.0.tgz#6219a85616520491f35788bdbf1447a99c7e6b0e"
    dependencies:
      is-utf8 "^0.2.0"
  
  strip-eof@^1.0.0:
    version "1.0.0"
    resolved "http://registry.npm.taobao.org/strip-eof/download/strip-eof-1.0.0.tgz#bb43ff5598a6eb05d89b59fcd129c983313606bf"
  
  strip-json-comments@^2.0.0, strip-json-comments@~2.0.1:
    version "2.0.1"
    resolved "http://registry.npm.taobao.org/strip-json-comments/download/strip-json-comments-2.0.1.tgz#3c531942e908c2697c0ec344858c286c7ca0a60a"
  
  supports-color@^2.0.0:
    version "2.0.0"
    resolved "http://registry.npm.taobao.org/supports-color/download/supports-color-2.0.0.tgz#535d045ce6b6363fa40117084629995e9df324c7"
  
  supports-color@^4.0.0:
    version "4.5.0"
    resolved "http://registry.npm.taobao.org/supports-color/download/supports-color-4.5.0.tgz#be7a0de484dec5c5cddf8b3d59125044912f635b"
    dependencies:
      has-flag "^2.0.0"
  
  term-size@^1.2.0:
    version "1.2.0"
    resolved "http://registry.npm.taobao.org/term-size/download/term-size-1.2.0.tgz#458b83887f288fc56d6fffbfad262e26638efa69"
    dependencies:
      execa "^0.7.0"
  
  through2-filter@^2.0.0:
    version "2.0.0"
    resolved "http://registry.npm.taobao.org/through2-filter/download/through2-filter-2.0.0.tgz#60bc55a0dacb76085db1f9dae99ab43f83d622ec"
    dependencies:
      through2 "~2.0.0"
      xtend "~4.0.0"
  
  through2@^0.6.0, through2@^0.6.1:
    version "0.6.5"
    resolved "http://registry.npm.taobao.org/through2/download/through2-0.6.5.tgz#41ab9c67b29d57209071410e1d7a7a968cd3ad48"
    dependencies:
      readable-stream ">=1.0.33-1 <1.1.0-0"
      xtend ">=4.0.0 <4.1.0-0"
  
  through2@^2.0.0, through2@^2.0.2, through2@~2.0.0, through2@~2.0.1:
    version "2.0.3"
    resolved "http://registry.npm.taobao.org/through2/download/through2-2.0.3.tgz#0004569b37c7c74ba39c43f3ced78d1ad94140be"
    dependencies:
      readable-stream "^2.1.5"
      xtend "~4.0.1"
  
  tildify@^1.0.0:
    version "1.2.0"
    resolved "http://registry.npm.taobao.org/tildify/download/tildify-1.2.0.tgz#dcec03f55dca9b7aa3e5b04f21817eb56e63588a"
    dependencies:
      os-homedir "^1.0.0"
  
  time-stamp@^1.0.0:
    version "1.1.0"
    resolved "http://registry.npm.taobao.org/time-stamp/download/time-stamp-1.1.0.tgz#764a5a11af50561921b133f3b44e618687e0f5c3"
  
  timed-out@^4.0.0:
    version "4.0.1"
    resolved "http://registry.npm.taobao.org/timed-out/download/timed-out-4.0.1.tgz#f32eacac5a175bea25d7fab565ab3ed8741ef56f"
  
  to-absolute-glob@^0.1.1:
    version "0.1.1"
    resolved "http://registry.npm.taobao.org/to-absolute-glob/download/to-absolute-glob-0.1.1.tgz#1cdfa472a9ef50c239ee66999b662ca0eb39937f"
    dependencies:
      extend-shallow "^2.0.1"
  
  tsconfig-paths@^2.3.0:
    version "2.3.0"
    resolved "http://registry.npm.taobao.org/tsconfig-paths/download/tsconfig-paths-2.3.0.tgz#98eb4df8c793a3c1eb25d1bdfa8dff273be1063c"
    dependencies:
      tsconfig "^5.0.3"
  
  tsconfig@^5.0.3:
    version "5.0.3"
    resolved "http://registry.npm.taobao.org/tsconfig/download/tsconfig-5.0.3.tgz#5f4278e701800967a8fc383fd19648878f2a6e3a"
    dependencies:
      any-promise "^1.3.0"
      parse-json "^2.2.0"
      strip-bom "^2.0.0"
      strip-json-comments "^2.0.0"
  
  typegoose@^3.6.0:
    version "3.6.0"
    resolved "http://registry.npm.taobao.org/typegoose/download/typegoose-3.6.0.tgz#b0c73b1ff689ef63e3d3a07890a6bec90806b3b2"
    dependencies:
      "@types/mongoose" "4.7.15"
      lodash "4.17.4"
      mongoose "4.11.1"
      reflect-metadata "0.1.8"
      typescript "2.4.2"
  
  typescript@2.4.2:
    version "2.4.2"
    resolved "http://registry.npm.taobao.org/typescript/download/typescript-2.4.2.tgz#f8395f85d459276067c988aa41837a8f82870844"
  
  typescript@^2.5.3:
    version "2.6.1"
    resolved "http://registry.npm.taobao.org/typescript/download/typescript-2.6.1.tgz#ef39cdea27abac0b500242d6726ab90e0c846631"
  
  uid-safe@^2.1.5:
    version "2.1.5"
    resolved "http://registry.npm.taobao.org/uid-safe/download/uid-safe-2.1.5.tgz#2b3d5c7240e8fc2e58f8aa269e5ee49c0857bd3a"
    dependencies:
      random-bytes "~1.0.0"
  
  unc-path-regex@^0.1.0:
    version "0.1.2"
    resolved "http://registry.npm.taobao.org/unc-path-regex/download/unc-path-regex-0.1.2.tgz#e73dd3d7b0d7c5ed86fbac6b0ae7d8c6a69d50fa"
  
  unique-stream@^1.0.0:
    version "1.0.0"
    resolved "http://registry.npm.taobao.org/unique-stream/download/unique-stream-1.0.0.tgz#d59a4a75427447d9aa6c91e70263f8d26a4b104b"
  
  unique-stream@^2.0.2:
    version "2.2.1"
    resolved "http://registry.npm.taobao.org/unique-stream/download/unique-stream-2.2.1.tgz#5aa003cfbe94c5ff866c4e7d668bb1c4dbadb369"
    dependencies:
      json-stable-stringify "^1.0.0"
      through2-filter "^2.0.0"
  
  unique-string@^1.0.0:
    version "1.0.0"
    resolved "http://registry.npm.taobao.org/unique-string/download/unique-string-1.0.0.tgz#9e1057cca851abb93398f8b33ae187b99caec11a"
    dependencies:
      crypto-random-string "^1.0.0"
  
  unzip-response@^2.0.1:
    version "2.0.1"
    resolved "http://registry.npm.taobao.org/unzip-response/download/unzip-response-2.0.1.tgz#d2f0f737d16b0615e72a6935ed04214572d56f97"
  
  update-notifier@^2.1.0:
    version "2.3.0"
    resolved "http://registry.npm.taobao.org/update-notifier/download/update-notifier-2.3.0.tgz#4e8827a6bb915140ab093559d7014e3ebb837451"
    dependencies:
      boxen "^1.2.1"
      chalk "^2.0.1"
      configstore "^3.0.0"
      import-lazy "^2.1.0"
      is-installed-globally "^0.1.0"
      is-npm "^1.0.0"
      latest-version "^3.0.0"
      semver-diff "^2.0.0"
      xdg-basedir "^3.0.0"
  
  url-parse-lax@^1.0.0:
    version "1.0.0"
    resolved "http://registry.npm.taobao.org/url-parse-lax/download/url-parse-lax-1.0.0.tgz#7af8f303645e9bd79a272e7a14ac68bc0609da73"
    dependencies:
      prepend-http "^1.0.1"
  
  user-home@^1.1.1:
    version "1.1.1"
    resolved "http://registry.npm.taobao.org/user-home/download/user-home-1.1.1.tgz#2b5be23a32b63a7c9deb8d0f28d485724a3df190"
  
  util-deprecate@~1.0.1:
    version "1.0.2"
    resolved "http://registry.npm.taobao.org/util-deprecate/download/util-deprecate-1.0.2.tgz#450d4dc9fa70de732762fbd2d4a28981419a0ccf"
  
  v8flags@^2.0.2:
    version "2.1.1"
    resolved "http://registry.npm.taobao.org/v8flags/download/v8flags-2.1.1.tgz#aab1a1fa30d45f88dd321148875ac02c0b55e5b4"
    dependencies:
      user-home "^1.1.1"
  
  vali-date@^1.0.0:
    version "1.0.0"
    resolved "http://registry.npm.taobao.org/vali-date/download/vali-date-1.0.0.tgz#1b904a59609fb328ef078138420934f6b86709a6"
  
  vinyl-fs@^0.3.0:
    version "0.3.14"
    resolved "http://registry.npm.taobao.org/vinyl-fs/download/vinyl-fs-0.3.14.tgz#9a6851ce1cac1c1cea5fe86c0931d620c2cfa9e6"
    dependencies:
      defaults "^1.0.0"
      glob-stream "^3.1.5"
      glob-watcher "^0.0.6"
      graceful-fs "^3.0.0"
      mkdirp "^0.5.0"
      strip-bom "^1.0.0"
      through2 "^0.6.1"
      vinyl "^0.4.0"
  
  vinyl-fs@~2.4.3:
    version "2.4.4"
    resolved "http://registry.npm.taobao.org/vinyl-fs/download/vinyl-fs-2.4.4.tgz#be6ff3270cb55dfd7d3063640de81f25d7532239"
    dependencies:
      duplexify "^3.2.0"
      glob-stream "^5.3.2"
      graceful-fs "^4.0.0"
      gulp-sourcemaps "1.6.0"
      is-valid-glob "^0.3.0"
      lazystream "^1.0.0"
      lodash.isequal "^4.0.0"
      merge-stream "^1.0.0"
      mkdirp "^0.5.0"
      object-assign "^4.0.0"
      readable-stream "^2.0.4"
      strip-bom "^2.0.0"
      strip-bom-stream "^1.0.0"
      through2 "^2.0.0"
      through2-filter "^2.0.0"
      vali-date "^1.0.0"
      vinyl "^1.0.0"
  
  vinyl@^0.4.0:
    version "0.4.6"
    resolved "http://registry.npm.taobao.org/vinyl/download/vinyl-0.4.6.tgz#2f356c87a550a255461f36bbeb2a5ba8bf784847"
    dependencies:
      clone "^0.2.0"
      clone-stats "^0.0.1"
  
  vinyl@^0.5.0:
    version "0.5.3"
    resolved "http://registry.npm.taobao.org/vinyl/download/vinyl-0.5.3.tgz#b0455b38fc5e0cf30d4325132e461970c2091cde"
    dependencies:
      clone "^1.0.0"
      clone-stats "^0.0.1"
      replace-ext "0.0.1"
  
  vinyl@^1.0.0:
    version "1.2.0"
    resolved "http://registry.npm.taobao.org/vinyl/download/vinyl-1.2.0.tgz#5c88036cf565e5df05558bfc911f8656df218884"
    dependencies:
      clone "^1.0.0"
      clone-stats "^0.0.1"
      replace-ext "0.0.1"
  
  which@^1.2.12, which@^1.2.9:
    version "1.3.0"
    resolved "http://registry.npm.taobao.org/which/download/which-1.3.0.tgz#ff04bdfc010ee547d780bec38e1ac1c2777d253a"
    dependencies:
      isexe "^2.0.0"
  
  widest-line@^1.0.0:
    version "1.0.0"
    resolved "http://registry.npm.taobao.org/widest-line/download/widest-line-1.0.0.tgz#0c09c85c2a94683d0d7eaf8ee097d564bf0e105c"
    dependencies:
      string-width "^1.0.1"
  
  wrappy@1:
    version "1.0.2"
    resolved "http://registry.npm.taobao.org/wrappy/download/wrappy-1.0.2.tgz#b5243d8f3ec1aa35f1364605bc0d1036e30ab69f"
  
  write-file-atomic@^2.0.0:
    version "2.3.0"
    resolved "http://registry.npm.taobao.org/write-file-atomic/download/write-file-atomic-2.3.0.tgz#1ff61575c2e2a4e8e510d6fa4e243cce183999ab"
    dependencies:
      graceful-fs "^4.1.11"
      imurmurhash "^0.1.4"
      signal-exit "^3.0.2"
  
  xdg-basedir@^3.0.0:
    version "3.0.0"
    resolved "http://registry.npm.taobao.org/xdg-basedir/download/xdg-basedir-3.0.0.tgz#496b2cc109eca8dbacfe2dc72b603c17c5870ad4"
  
  "xtend@>=4.0.0 <4.1.0-0", xtend@^4.0.0, xtend@~4.0.0, xtend@~4.0.1:
    version "4.0.1"
    resolved "http://registry.npm.taobao.org/xtend/download/xtend-4.0.1.tgz#a5c6d532be656e23db820efb943a1f04998d63af"
  
  yallist@^2.1.2:
    version "2.1.2"
    resolved "http://registry.npm.taobao.org/yallist/download/yallist-2.1.2.tgz#1c11f9218f076089a47dd512f93c6699a6a81d52"

Trace: 
  Error: EEXIST: file already exists, mkdir '/Users/Jackson/work/web/blog/fastBlog/node_modules/gulp-typescript'
